# JRE version: OpenJDK Runtime Environment (8.0_152-b02) (build 1.8.0_152-release-1024-b02)
# Java VM: OpenJDK 64-Bit Server VM (25.152-b02 mixed mode windows-amd64 compressed oops)
Heap:
 PSYoungGen      total 425984K, used 354768K [0x00000000e0000000, 0x00000000fc200000, 0x0000000100000000)
  eden space 403456K, 87% used [0x00000000e0000000,0x00000000f5a74368,0x00000000f8a00000)
  from space 22528K, 0% used [0x00000000fac00000,0x00000000fac00000,0x00000000fc200000)
  to   space 28672K, 0% used [0x00000000f8a00000,0x00000000f8a00000,0x00000000fa600000)
 ParOldGen       total 119296K, used 61303K [0x00000000a0000000, 0x00000000a7480000, 0x00000000e0000000)
  object space 119296K, 51% used [0x00000000a0000000,0x00000000a3bdde60,0x00000000a7480000)
 Metaspace       used 86042K, capacity 90002K, committed 90368K, reserved 1128448K
  class space    used 11053K, capacity 11872K, committed 12032K, reserved 1048576K
GC Heap History (10 events):
Event: 55.259 GC heap before
{Heap before GC invocations=18 (full 3):
 PSYoungGen      total 285184K, used 285036K [0x00000000e0000000, 0x00000000f4100000, 0x0000000100000000)
  eden space 268288K, 99% used [0x00000000e0000000,0x00000000f05db9c0,0x00000000f0600000)
  from space 16896K, 99% used [0x00000000f3080000,0x00000000f40ffa28,0x00000000f4100000)
  to   space 20480K, 0% used [0x00000000f1900000,0x00000000f1900000,0x00000000f2d00000)
 ParOldGen       total 85504K, used 46119K [0x00000000a0000000, 0x00000000a5380000, 0x00000000e0000000)
  object space 85504K, 53% used [0x00000000a0000000,0x00000000a2d09f90,0x00000000a5380000)
 Metaspace       used 73290K, capacity 75982K, committed 76288K, reserved 1116160K
  class space    used 9571K, capacity 10186K, committed 10240K, reserved 1048576K
Event: 55.302 GC heap after
Heap after GC invocations=18 (full 3):
 PSYoungGen      total 308224K, used 15007K [0x00000000e0000000, 0x00000000f8200000, 0x0000000100000000)
  eden space 287744K, 0% used [0x00000000e0000000,0x00000000e0000000,0x00000000f1900000)
  from space 20480K, 73% used [0x00000000f1900000,0x00000000f27a7f58,0x00000000f2d00000)
  to   space 21504K, 0% used [0x00000000f6d00000,0x00000000f6d00000,0x00000000f8200000)
 ParOldGen       total 85504K, used 51118K [0x00000000a0000000, 0x00000000a5380000, 0x00000000e0000000)
  object space 85504K, 59% used [0x00000000a0000000,0x00000000a31ebad0,0x00000000a5380000)
 Metaspace       used 73290K, capacity 75982K, committed 76288K, reserved 1116160K
  class space    used 9571K, capacity 10186K, committed 10240K, reserved 1048576K
}
Event: 62.493 GC heap before
{Heap before GC invocations=19 (full 3):
 PSYoungGen      total 308224K, used 302574K [0x00000000e0000000, 0x00000000f8200000, 0x0000000100000000)
  eden space 287744K, 99% used [0x00000000e0000000,0x00000000f18d3c78,0x00000000f1900000)
  from space 20480K, 73% used [0x00000000f1900000,0x00000000f27a7f58,0x00000000f2d00000)
  to   space 21504K, 0% used [0x00000000f6d00000,0x00000000f6d00000,0x00000000f8200000)
 ParOldGen       total 85504K, used 51118K [0x00000000a0000000, 0x00000000a5380000, 0x00000000e0000000)
  object space 85504K, 59% used [0x00000000a0000000,0x00000000a31ebad0,0x00000000a5380000)
 Metaspace       used 74076K, capacity 77050K, committed 77312K, reserved 1116160K
  class space    used 9689K, capacity 10390K, committed 10496K, reserved 1048576K
Event: 62.513 GC heap after
Heap after GC invocations=19 (full 3):
 PSYoungGen      total 373248K, used 1990K [0x00000000e0000000, 0x00000000f9180000, 0x0000000100000000)
  eden space 351744K, 0% used [0x00000000e0000000,0x00000000e0000000,0x00000000f5780000)
  from space 21504K, 9% used [0x00000000f6d00000,0x00000000f6ef1be0,0x00000000f8200000)
  to   space 22016K, 0% used [0x00000000f5780000,0x00000000f5780000,0x00000000f6d00000)
 ParOldGen       total 85504K, used 62026K [0x00000000a0000000, 0x00000000a5380000, 0x00000000e0000000)
  object space 85504K, 72% used [0x00000000a0000000,0x00000000a3c92b48,0x00000000a5380000)
 Metaspace       used 74076K, capacity 77050K, committed 77312K, reserved 1116160K
  class space    used 9689K, capacity 10390K, committed 10496K, reserved 1048576K
}
Event: 73.861 GC heap before
{Heap before GC invocations=20 (full 3):
 PSYoungGen      total 373248K, used 353734K [0x00000000e0000000, 0x00000000f9180000, 0x0000000100000000)
  eden space 351744K, 100% used [0x00000000e0000000,0x00000000f5780000,0x00000000f5780000)
  from space 21504K, 9% used [0x00000000f6d00000,0x00000000f6ef1be0,0x00000000f8200000)
  to   space 22016K, 0% used [0x00000000f5780000,0x00000000f5780000,0x00000000f6d00000)
 ParOldGen       total 85504K, used 62026K [0x00000000a0000000, 0x00000000a5380000, 0x00000000e0000000)
  object space 85504K, 72% used [0x00000000a0000000,0x00000000a3c92b48,0x00000000a5380000)
 Metaspace       used 84166K, capacity 88104K, committed 88448K, reserved 1126400K
  class space    used 10920K, capacity 11781K, committed 11904K, reserved 1048576K
Event: 73.909 GC heap after
Heap after GC invocations=20 (full 3):
 PSYoungGen      total 373760K, used 21998K [0x00000000e0000000, 0x00000000fc880000, 0x0000000100000000)
  eden space 351744K, 0% used [0x00000000e0000000,0x00000000e0000000,0x00000000f5780000)
  from space 22016K, 99% used [0x00000000f5780000,0x00000000f6cfb9c0,0x00000000f6d00000)
  to   space 29184K, 0% used [0x00000000fac00000,0x00000000fac00000,0x00000000fc880000)
 ParOldGen       total 85504K, used 72393K [0x00000000a0000000, 0x00000000a5380000, 0x00000000e0000000)
  object space 85504K, 84% used [0x00000000a0000000,0x00000000a46b2770,0x00000000a5380000)
 Metaspace       used 84166K, capacity 88104K, committed 88448K, reserved 1126400K
  class space    used 10920K, capacity 11781K, committed 11904K, reserved 1048576K
}
Event: 77.395 GC heap before
{Heap before GC invocations=21 (full 3):
 PSYoungGen      total 373760K, used 373301K [0x00000000e0000000, 0x00000000fc880000, 0x0000000100000000)
  eden space 351744K, 99% used [0x00000000e0000000,0x00000000f5711df8,0x00000000f5780000)
  from space 22016K, 99% used [0x00000000f5780000,0x00000000f6cfb9c0,0x00000000f6d00000)
  to   space 29184K, 0% used [0x00000000fac00000,0x00000000fac00000,0x00000000fc880000)
 ParOldGen       total 85504K, used 72393K [0x00000000a0000000, 0x00000000a5380000, 0x00000000e0000000)
  object space 85504K, 84% used [0x00000000a0000000,0x00000000a46b2770,0x00000000a5380000)
 Metaspace       used 84974K, capacity 88896K, committed 89216K, reserved 1126400K
  class space    used 10998K, capacity 11839K, committed 11904K, reserved 1048576K
Event: 77.413 GC heap after
Heap after GC invocations=21 (full 3):
 PSYoungGen      total 425984K, used 4700K [0x00000000e0000000, 0x00000000fc200000, 0x0000000100000000)
  eden space 403456K, 0% used [0x00000000e0000000,0x00000000e0000000,0x00000000f8a00000)
  from space 22528K, 20% used [0x00000000fac00000,0x00000000fb097360,0x00000000fc200000)
  to   space 28672K, 0% used [0x00000000f8a00000,0x00000000f8a00000,0x00000000fa600000)
 ParOldGen       total 85504K, used 80619K [0x00000000a0000000, 0x00000000a5380000, 0x00000000e0000000)
  object space 85504K, 94% used [0x00000000a0000000,0x00000000a4ebaff8,0x00000000a5380000)
 Metaspace       used 84974K, capacity 88896K, committed 89216K, reserved 1126400K
  class space    used 10998K, capacity 11839K, committed 11904K, reserved 1048576K
}
Event: 77.413 GC heap before
{Heap before GC invocations=22 (full 4):
 PSYoungGen      total 425984K, used 4700K [0x00000000e0000000, 0x00000000fc200000, 0x0000000100000000)
  eden space 403456K, 0% used [0x00000000e0000000,0x00000000e0000000,0x00000000f8a00000)
  from space 22528K, 20% used [0x00000000fac00000,0x00000000fb097360,0x00000000fc200000)
  to   space 28672K, 0% used [0x00000000f8a00000,0x00000000f8a00000,0x00000000fa600000)
 ParOldGen       total 85504K, used 80619K [0x00000000a0000000, 0x00000000a5380000, 0x00000000e0000000)
  object space 85504K, 94% used [0x00000000a0000000,0x00000000a4ebaff8,0x00000000a5380000)
 Metaspace       used 84974K, capacity 88896K, committed 89216K, reserved 1126400K
  class space    used 10998K, capacity 11839K, committed 11904K, reserved 1048576K
Event: 77.681 GC heap after
Heap after GC invocations=22 (full 4):
 PSYoungGen      total 425984K, used 0K [0x00000000e0000000, 0x00000000fc200000, 0x0000000100000000)
  eden space 403456K, 0% used [0x00000000e0000000,0x00000000e0000000,0x00000000f8a00000)
  from space 22528K, 0% used [0x00000000fac00000,0x00000000fac00000,0x00000000fc200000)
  to   space 28672K, 0% used [0x00000000f8a00000,0x00000000f8a00000,0x00000000fa600000)
 ParOldGen       total 119296K, used 61303K [0x00000000a0000000, 0x00000000a7480000, 0x00000000e0000000)
  object space 119296K, 51% used [0x00000000a0000000,0x00000000a3bdde60,0x00000000a7480000)
 Metaspace       used 84705K, capacity 88258K, committed 89216K, reserved 1126400K
  class space    used 10901K, capacity 11674K, committed 11904K, reserved 1048576K
}

