# JRE version: OpenJDK Runtime Environment (8.0_152-b02) (build 1.8.0_152-release-1024-b02)
# Java VM: OpenJDK 64-Bit Server VM (25.152-b02 mixed mode windows-amd64 compressed oops)
Heap:
 PSYoungGen      total 69632K, used 5943K [0x00000000e0000000, 0x00000000e4d00000, 0x0000000100000000)
  eden space 61952K, 0% used [0x00000000e0000000,0x00000000e0000000,0x00000000e3c80000)
  from space 7680K, 77% used [0x00000000e3c80000,0x00000000e424dd58,0x00000000e4400000)
  to   space 6144K, 0% used [0x00000000e4400000,0x00000000e4400000,0x00000000e4a00000)
 ParOldGen       total 42496K, used 7539K [0x00000000a0000000, 0x00000000a2980000, 0x00000000e0000000)
  object space 42496K, 17% used [0x00000000a0000000,0x00000000a075cfa8,0x00000000a2980000)
 Metaspace       used 20777K, capacity 21204K, committed 21248K, reserved 1067008K
  class space    used 2892K, capacity 3042K, committed 3072K, reserved 1048576K
GC Heap History (10 events):
Event: 0.969 GC heap after
Heap after GC invocations=3 (full 0):
 PSYoungGen      total 18432K, used 2544K [0x00000000e0000000, 0x00000000e2400000, 0x0000000100000000)
  eden space 15872K, 0% used [0x00000000e0000000,0x00000000e0000000,0x00000000e0f80000)
  from space 2560K, 99% used [0x00000000e0f80000,0x00000000e11fc010,0x00000000e1200000)
  to   space 2560K, 0% used [0x00000000e2180000,0x00000000e2180000,0x00000000e2400000)
 ParOldGen       total 42496K, used 719K [0x00000000a0000000, 0x00000000a2980000, 0x00000000e0000000)
  object space 42496K, 1% used [0x00000000a0000000,0x00000000a00b3d08,0x00000000a2980000)
 Metaspace       used 7218K, capacity 7532K, committed 7680K, reserved 1056768K
  class space    used 902K, capacity 984K, committed 1024K, reserved 1048576K
}
Event: 1.860 GC heap before
{Heap before GC invocations=4 (full 0):
 PSYoungGen      total 18432K, used 18416K [0x00000000e0000000, 0x00000000e2400000, 0x0000000100000000)
  eden space 15872K, 100% used [0x00000000e0000000,0x00000000e0f80000,0x00000000e0f80000)
  from space 2560K, 99% used [0x00000000e0f80000,0x00000000e11fc010,0x00000000e1200000)
  to   space 2560K, 0% used [0x00000000e2180000,0x00000000e2180000,0x00000000e2400000)
 ParOldGen       total 42496K, used 719K [0x00000000a0000000, 0x00000000a2980000, 0x00000000e0000000)
  object space 42496K, 1% used [0x00000000a0000000,0x00000000a00b3d08,0x00000000a2980000)
 Metaspace       used 10757K, capacity 11084K, committed 11264K, reserved 1058816K
  class space    used 1405K, capacity 1522K, committed 1536K, reserved 1048576K
Event: 1.866 GC heap after
Heap after GC invocations=4 (full 0):
 PSYoungGen      total 34304K, used 2544K [0x00000000e0000000, 0x00000000e2400000, 0x0000000100000000)
  eden space 31744K, 0% used [0x00000000e0000000,0x00000000e0000000,0x00000000e1f00000)
  from space 2560K, 99% used [0x00000000e2180000,0x00000000e23fc010,0x00000000e2400000)
  to   space 2560K, 0% used [0x00000000e1f00000,0x00000000e1f00000,0x00000000e2180000)
 ParOldGen       total 42496K, used 2704K [0x00000000a0000000, 0x00000000a2980000, 0x00000000e0000000)
  object space 42496K, 6% used [0x00000000a0000000,0x00000000a02a4208,0x00000000a2980000)
 Metaspace       used 10757K, capacity 11084K, committed 11264K, reserved 1058816K
  class space    used 1405K, capacity 1522K, committed 1536K, reserved 1048576K
}
Event: 2.512 GC heap before
{Heap before GC invocations=5 (full 0):
 PSYoungGen      total 34304K, used 34288K [0x00000000e0000000, 0x00000000e2400000, 0x0000000100000000)
  eden space 31744K, 100% used [0x00000000e0000000,0x00000000e1f00000,0x00000000e1f00000)
  from space 2560K, 99% used [0x00000000e2180000,0x00000000e23fc010,0x00000000e2400000)
  to   space 2560K, 0% used [0x00000000e1f00000,0x00000000e1f00000,0x00000000e2180000)
 ParOldGen       total 42496K, used 2704K [0x00000000a0000000, 0x00000000a2980000, 0x00000000e0000000)
  object space 42496K, 6% used [0x00000000a0000000,0x00000000a02a4208,0x00000000a2980000)
 Metaspace       used 14084K, capacity 14490K, committed 14720K, reserved 1062912K
  class space    used 1950K, capacity 2095K, committed 2176K, reserved 1048576K
Event: 2.518 GC heap after
Heap after GC invocations=5 (full 0):
 PSYoungGen      total 34304K, used 2528K [0x00000000e0000000, 0x00000000e4a00000, 0x0000000100000000)
  eden space 31744K, 0% used [0x00000000e0000000,0x00000000e0000000,0x00000000e1f00000)
  from space 2560K, 98% used [0x00000000e1f00000,0x00000000e2178020,0x00000000e2180000)
  to   space 6144K, 0% used [0x00000000e4400000,0x00000000e4400000,0x00000000e4a00000)
 ParOldGen       total 42496K, used 6333K [0x00000000a0000000, 0x00000000a2980000, 0x00000000e0000000)
  object space 42496K, 14% used [0x00000000a0000000,0x00000000a062f4d8,0x00000000a2980000)
 Metaspace       used 14084K, capacity 14490K, committed 14720K, reserved 1062912K
  class space    used 1950K, capacity 2095K, committed 2176K, reserved 1048576K
}
Event: 3.142 GC heap before
{Heap before GC invocations=6 (full 0):
 PSYoungGen      total 34304K, used 34272K [0x00000000e0000000, 0x00000000e4a00000, 0x0000000100000000)
  eden space 31744K, 100% used [0x00000000e0000000,0x00000000e1f00000,0x00000000e1f00000)
  from space 2560K, 98% used [0x00000000e1f00000,0x00000000e2178020,0x00000000e2180000)
  to   space 6144K, 0% used [0x00000000e4400000,0x00000000e4400000,0x00000000e4a00000)
 ParOldGen       total 42496K, used 6333K [0x00000000a0000000, 0x00000000a2980000, 0x00000000e0000000)
  object space 42496K, 14% used [0x00000000a0000000,0x00000000a062f4d8,0x00000000a2980000)
 Metaspace       used 17122K, capacity 17490K, committed 17792K, reserved 1064960K
  class space    used 2456K, capacity 2579K, committed 2688K, reserved 1048576K
Event: 3.155 GC heap after
Heap after GC invocations=6 (full 0):
 PSYoungGen      total 68096K, used 6115K [0x00000000e0000000, 0x00000000e4d00000, 0x0000000100000000)
  eden space 61952K, 0% used [0x00000000e0000000,0x00000000e0000000,0x00000000e3c80000)
  from space 6144K, 99% used [0x00000000e4400000,0x00000000e49f8f00,0x00000000e4a00000)
  to   space 7680K, 0% used [0x00000000e3c80000,0x00000000e3c80000,0x00000000e4400000)
 ParOldGen       total 42496K, used 6681K [0x00000000a0000000, 0x00000000a2980000, 0x00000000e0000000)
  object space 42496K, 15% used [0x00000000a0000000,0x00000000a0686468,0x00000000a2980000)
 Metaspace       used 17122K, capacity 17490K, committed 17792K, reserved 1064960K
  class space    used 2456K, capacity 2579K, committed 2688K, reserved 1048576K
}
Event: 4.035 GC heap before
{Heap before GC invocations=7 (full 0):
 PSYoungGen      total 68096K, used 24109K [0x00000000e0000000, 0x00000000e4d00000, 0x0000000100000000)
  eden space 61952K, 29% used [0x00000000e0000000,0x00000000e1192858,0x00000000e3c80000)
  from space 6144K, 99% used [0x00000000e4400000,0x00000000e49f8f00,0x00000000e4a00000)
  to   space 7680K, 0% used [0x00000000e3c80000,0x00000000e3c80000,0x00000000e4400000)
 ParOldGen       total 42496K, used 6681K [0x00000000a0000000, 0x00000000a2980000, 0x00000000e0000000)
  object space 42496K, 15% used [0x00000000a0000000,0x00000000a0686468,0x00000000a2980000)
 Metaspace       used 20777K, capacity 21204K, committed 21248K, reserved 1067008K
  class space    used 2892K, capacity 3042K, committed 3072K, reserved 1048576K
Event: 4.048 GC heap after
Heap after GC invocations=7 (full 0):
 PSYoungGen      total 69632K, used 5943K [0x00000000e0000000, 0x00000000e4d00000, 0x0000000100000000)
  eden space 61952K, 0% used [0x00000000e0000000,0x00000000e0000000,0x00000000e3c80000)
  from space 7680K, 77% used [0x00000000e3c80000,0x00000000e424dd58,0x00000000e4400000)
  to   space 6144K, 0% used [0x00000000e4400000,0x00000000e4400000,0x00000000e4a00000)
 ParOldGen       total 42496K, used 7539K [0x00000000a0000000, 0x00000000a2980000, 0x00000000e0000000)
  object space 42496K, 17% used [0x00000000a0000000,0x00000000a075cfa8,0x00000000a2980000)
 Metaspace       used 20777K, capacity 21204K, committed 21248K, reserved 1067008K
  class space    used 2892K, capacity 3042K, committed 3072K, reserved 1048576K
}
Event: 4.048 GC heap before
{Heap before GC invocations=8 (full 1):
 PSYoungGen      total 69632K, used 5943K [0x00000000e0000000, 0x00000000e4d00000, 0x0000000100000000)
  eden space 61952K, 0% used [0x00000000e0000000,0x00000000e0000000,0x00000000e3c80000)
  from space 7680K, 77% used [0x00000000e3c80000,0x00000000e424dd58,0x00000000e4400000)
  to   space 6144K, 0% used [0x00000000e4400000,0x00000000e4400000,0x00000000e4a00000)
 ParOldGen       total 42496K, used 7539K [0x00000000a0000000, 0x00000000a2980000, 0x00000000e0000000)
  object space 42496K, 17% used [0x00000000a0000000,0x00000000a075cfa8,0x00000000a2980000)
 Metaspace       used 20777K, capacity 21204K, committed 21248K, reserved 1067008K
  class space    used 2892K, capacity 3042K, committed 3072K, reserved 1048576K

