# JRE version: OpenJDK Runtime Environment (8.0_152-b02) (build 1.8.0_152-release-1024-b02)
# Java VM: OpenJDK 64-Bit Server VM (25.152-b02 mixed mode windows-amd64 compressed oops)
Heap:
 PSYoungGen      total 198656K, used 55817K [0x00000000e0000000, 0x00000000ef900000, 0x0000000100000000)
  eden space 171520K, 16% used [0x00000000e0000000,0x00000000e1c08fd8,0x00000000ea780000)
  from space 27136K, 99% used [0x00000000ea780000,0x00000000ec1f9548,0x00000000ec200000)
  to   space 35328K, 0% used [0x00000000ed680000,0x00000000ed680000,0x00000000ef900000)
 ParOldGen       total 113664K, used 51202K [0x00000000a0000000, 0x00000000a6f00000, 0x00000000e0000000)
  object space 113664K, 45% used [0x00000000a0000000,0x00000000a3200b18,0x00000000a6f00000)
 Metaspace       used 81152K, capacity 84634K, committed 84864K, reserved 1122304K
  class space    used 10532K, capacity 11312K, committed 11392K, reserved 1048576K
GC Heap History (10 events):
Event: 53.250 GC heap before
{Heap before GC invocations=18 (full 3):
 PSYoungGen      total 156160K, used 156148K [0x00000000e0000000, 0x00000000eba00000, 0x0000000100000000)
  eden space 145408K, 100% used [0x00000000e0000000,0x00000000e8e00000,0x00000000e8e00000)
  from space 10752K, 99% used [0x00000000eaf80000,0x00000000eb9fd228,0x00000000eba00000)
  to   space 22528K, 0% used [0x00000000e8e00000,0x00000000e8e00000,0x00000000ea400000)
 ParOldGen       total 113664K, used 39864K [0x00000000a0000000, 0x00000000a6f00000, 0x00000000e0000000)
  object space 113664K, 35% used [0x00000000a0000000,0x00000000a26ee310,0x00000000a6f00000)
 Metaspace       used 65792K, capacity 68214K, committed 68480K, reserved 1107968K
  class space    used 8687K, capacity 9282K, committed 9344K, reserved 1048576K
Event: 53.268 GC heap after
Heap after GC invocations=18 (full 3):
 PSYoungGen      total 167936K, used 13567K [0x00000000e0000000, 0x00000000ecb00000, 0x0000000100000000)
  eden space 145408K, 0% used [0x00000000e0000000,0x00000000e0000000,0x00000000e8e00000)
  from space 22528K, 60% used [0x00000000e8e00000,0x00000000e9b3fe58,0x00000000ea400000)
  to   space 22528K, 0% used [0x00000000eb500000,0x00000000eb500000,0x00000000ecb00000)
 ParOldGen       total 113664K, used 39872K [0x00000000a0000000, 0x00000000a6f00000, 0x00000000e0000000)
  object space 113664K, 35% used [0x00000000a0000000,0x00000000a26f0310,0x00000000a6f00000)
 Metaspace       used 65792K, capacity 68214K, committed 68480K, reserved 1107968K
  class space    used 8687K, capacity 9282K, committed 9344K, reserved 1048576K
}
Event: 70.933 GC heap before
{Heap before GC invocations=19 (full 3):
 PSYoungGen      total 167936K, used 158975K [0x00000000e0000000, 0x00000000ecb00000, 0x0000000100000000)
  eden space 145408K, 100% used [0x00000000e0000000,0x00000000e8e00000,0x00000000e8e00000)
  from space 22528K, 60% used [0x00000000e8e00000,0x00000000e9b3fe58,0x00000000ea400000)
  to   space 22528K, 0% used [0x00000000eb500000,0x00000000eb500000,0x00000000ecb00000)
 ParOldGen       total 113664K, used 39872K [0x00000000a0000000, 0x00000000a6f00000, 0x00000000e0000000)
  object space 113664K, 35% used [0x00000000a0000000,0x00000000a26f0310,0x00000000a6f00000)
 Metaspace       used 67150K, capacity 69654K, committed 69888K, reserved 1110016K
  class space    used 8825K, capacity 9446K, committed 9472K, reserved 1048576K
Event: 70.969 GC heap after
Heap after GC invocations=19 (full 3):
 PSYoungGen      total 182272K, used 16040K [0x00000000e0000000, 0x00000000eca80000, 0x0000000100000000)
  eden space 160256K, 0% used [0x00000000e0000000,0x00000000e0000000,0x00000000e9c80000)
  from space 22016K, 72% used [0x00000000eb500000,0x00000000ec4aa0e8,0x00000000eca80000)
  to   space 23552K, 0% used [0x00000000e9c80000,0x00000000e9c80000,0x00000000eb380000)
 ParOldGen       total 113664K, used 39880K [0x00000000a0000000, 0x00000000a6f00000, 0x00000000e0000000)
  object space 113664K, 35% used [0x00000000a0000000,0x00000000a26f2310,0x00000000a6f00000)
 Metaspace       used 67150K, capacity 69654K, committed 69888K, reserved 1110016K
  class space    used 8825K, capacity 9446K, committed 9472K, reserved 1048576K
}
Event: 73.117 GC heap before
{Heap before GC invocations=20 (full 3):
 PSYoungGen      total 182272K, used 176296K [0x00000000e0000000, 0x00000000eca80000, 0x0000000100000000)
  eden space 160256K, 100% used [0x00000000e0000000,0x00000000e9c80000,0x00000000e9c80000)
  from space 22016K, 72% used [0x00000000eb500000,0x00000000ec4aa0e8,0x00000000eca80000)
  to   space 23552K, 0% used [0x00000000e9c80000,0x00000000e9c80000,0x00000000eb380000)
 ParOldGen       total 113664K, used 39880K [0x00000000a0000000, 0x00000000a6f00000, 0x00000000e0000000)
  object space 113664K, 35% used [0x00000000a0000000,0x00000000a26f2310,0x00000000a6f00000)
 Metaspace       used 67166K, capacity 69660K, committed 69888K, reserved 1110016K
  class space    used 8826K, capacity 9447K, committed 9472K, reserved 1048576K
Event: 73.158 GC heap after
Heap after GC invocations=20 (full 3):
 PSYoungGen      total 183808K, used 15494K [0x00000000e0000000, 0x00000000ed980000, 0x0000000100000000)
  eden space 160256K, 0% used [0x00000000e0000000,0x00000000e0000000,0x00000000e9c80000)
  from space 23552K, 65% used [0x00000000e9c80000,0x00000000eaba1a00,0x00000000eb380000)
  to   space 24064K, 0% used [0x00000000ec200000,0x00000000ec200000,0x00000000ed980000)
 ParOldGen       total 113664K, used 39888K [0x00000000a0000000, 0x00000000a6f00000, 0x00000000e0000000)
  object space 113664K, 35% used [0x00000000a0000000,0x00000000a26f4310,0x00000000a6f00000)
 Metaspace       used 67166K, capacity 69660K, committed 69888K, reserved 1110016K
  class space    used 8826K, capacity 9447K, committed 9472K, reserved 1048576K
}
Event: 90.398 GC heap before
{Heap before GC invocations=21 (full 3):
 PSYoungGen      total 183808K, used 175750K [0x00000000e0000000, 0x00000000ed980000, 0x0000000100000000)
  eden space 160256K, 100% used [0x00000000e0000000,0x00000000e9c80000,0x00000000e9c80000)
  from space 23552K, 65% used [0x00000000e9c80000,0x00000000eaba1a00,0x00000000eb380000)
  to   space 24064K, 0% used [0x00000000ec200000,0x00000000ec200000,0x00000000ed980000)
 ParOldGen       total 113664K, used 39892K [0x00000000a0000000, 0x00000000a6f00000, 0x00000000e0000000)
  object space 113664K, 35% used [0x00000000a0000000,0x00000000a26f5320,0x00000000a6f00000)
 Metaspace       used 72829K, capacity 75430K, committed 75648K, reserved 1114112K
  class space    used 9447K, capacity 10092K, committed 10112K, reserved 1048576K
Event: 90.451 GC heap after
Heap after GC invocations=21 (full 3):
 PSYoungGen      total 195584K, used 23345K [0x00000000e0000000, 0x00000000ede00000, 0x0000000100000000)
  eden space 171520K, 0% used [0x00000000e0000000,0x00000000e0000000,0x00000000ea780000)
  from space 24064K, 97% used [0x00000000ec200000,0x00000000ed8cc590,0x00000000ed980000)
  to   space 27136K, 0% used [0x00000000ea780000,0x00000000ea780000,0x00000000ec200000)
 ParOldGen       total 113664K, used 39900K [0x00000000a0000000, 0x00000000a6f00000, 0x00000000e0000000)
  object space 113664K, 35% used [0x00000000a0000000,0x00000000a26f7320,0x00000000a6f00000)
 Metaspace       used 72829K, capacity 75430K, committed 75648K, reserved 1114112K
  class space    used 9447K, capacity 10092K, committed 10112K, reserved 1048576K
}
Event: 98.493 GC heap before
{Heap before GC invocations=22 (full 3):
 PSYoungGen      total 195584K, used 194865K [0x00000000e0000000, 0x00000000ede00000, 0x0000000100000000)
  eden space 171520K, 100% used [0x00000000e0000000,0x00000000ea780000,0x00000000ea780000)
  from space 24064K, 97% used [0x00000000ec200000,0x00000000ed8cc590,0x00000000ed980000)
  to   space 27136K, 0% used [0x00000000ea780000,0x00000000ea780000,0x00000000ec200000)
 ParOldGen       total 113664K, used 39903K [0x00000000a0000000, 0x00000000a6f00000, 0x00000000e0000000)
  object space 113664K, 35% used [0x00000000a0000000,0x00000000a26f7c08,0x00000000a6f00000)
 Metaspace       used 80140K, capacity 83548K, committed 83584K, reserved 1122304K
  class space    used 10369K, capacity 11135K, committed 11136K, reserved 1048576K
Event: 98.548 GC heap after
Heap after GC invocations=22 (full 3):
 PSYoungGen      total 198656K, used 27109K [0x00000000e0000000, 0x00000000ef900000, 0x0000000100000000)
  eden space 171520K, 0% used [0x00000000e0000000,0x00000000e0000000,0x00000000ea780000)
  from space 27136K, 99% used [0x00000000ea780000,0x00000000ec1f9548,0x00000000ec200000)
  to   space 35328K, 0% used [0x00000000ed680000,0x00000000ed680000,0x00000000ef900000)
 ParOldGen       total 113664K, used 51202K [0x00000000a0000000, 0x00000000a6f00000, 0x00000000e0000000)
  object space 113664K, 45% used [0x00000000a0000000,0x00000000a3200b18,0x00000000a6f00000)
 Metaspace       used 80140K, capacity 83548K, committed 83584K, reserved 1122304K
  class space    used 10369K, capacity 11135K, committed 11136K, reserved 1048576K
}

