# JRE version: OpenJDK Runtime Environment (8.0_152-b02) (build 1.8.0_152-release-1024-b02)
# Java VM: OpenJDK 64-Bit Server VM (25.152-b02 mixed mode windows-amd64 compressed oops)
Heap:
 PSYoungGen      total 212992K, used 121813K [0x00000000e0000000, 0x00000000ee180000, 0x0000000100000000)
  eden space 197120K, 56% used [0x00000000e0000000,0x00000000e6d7e2f0,0x00000000ec080000)
  from space 15872K, 61% used [0x00000000ed200000,0x00000000edb772d8,0x00000000ee180000)
  to   space 16896K, 0% used [0x00000000ec080000,0x00000000ec080000,0x00000000ed100000)
 ParOldGen       total 94720K, used 49265K [0x00000000a0000000, 0x00000000a5c80000, 0x00000000e0000000)
  object space 94720K, 52% used [0x00000000a0000000,0x00000000a301c6c8,0x00000000a5c80000)
 Metaspace       used 68463K, capacity 70938K, committed 71168K, reserved 1110016K
  class space    used 9103K, capacity 9665K, committed 9728K, reserved 1048576K
GC Heap History (10 events):
Event: 14.573 GC heap before
{Heap before GC invocations=17 (full 2):
 PSYoungGen      total 140288K, used 44901K [0x00000000e0000000, 0x00000000e9700000, 0x0000000100000000)
  eden space 126976K, 27% used [0x00000000e0000000,0x00000000e2187f08,0x00000000e7c00000)
  from space 13312K, 79% used [0x00000000e8a00000,0x00000000e94518c0,0x00000000e9700000)
  to   space 13824K, 0% used [0x00000000e7c00000,0x00000000e7c00000,0x00000000e8980000)
 ParOldGen       total 56320K, used 32475K [0x00000000a0000000, 0x00000000a3700000, 0x00000000e0000000)
  object space 56320K, 57% used [0x00000000a0000000,0x00000000a1fb6fd8,0x00000000a3700000)
 Metaspace       used 57086K, capacity 58870K, committed 59008K, reserved 1099776K
  class space    used 7810K, capacity 8242K, committed 8320K, reserved 1048576K
Event: 14.584 GC heap after
Heap after GC invocations=17 (full 2):
 PSYoungGen      total 140800K, used 8176K [0x00000000e0000000, 0x00000000eb380000, 0x0000000100000000)
  eden space 126976K, 0% used [0x00000000e0000000,0x00000000e0000000,0x00000000e7c00000)
  from space 13824K, 59% used [0x00000000e7c00000,0x00000000e83fc060,0x00000000e8980000)
  to   space 13824K, 0% used [0x00000000ea600000,0x00000000ea600000,0x00000000eb380000)
 ParOldGen       total 56320K, used 32483K [0x00000000a0000000, 0x00000000a3700000, 0x00000000e0000000)
  object space 56320K, 57% used [0x00000000a0000000,0x00000000a1fb8fd8,0x00000000a3700000)
 Metaspace       used 57086K, capacity 58870K, committed 59008K, reserved 1099776K
  class space    used 7810K, capacity 8242K, committed 8320K, reserved 1048576K
}
Event: 14.584 GC heap before
{Heap before GC invocations=18 (full 3):
 PSYoungGen      total 140800K, used 8176K [0x00000000e0000000, 0x00000000eb380000, 0x0000000100000000)
  eden space 126976K, 0% used [0x00000000e0000000,0x00000000e0000000,0x00000000e7c00000)
  from space 13824K, 59% used [0x00000000e7c00000,0x00000000e83fc060,0x00000000e8980000)
  to   space 13824K, 0% used [0x00000000ea600000,0x00000000ea600000,0x00000000eb380000)
 ParOldGen       total 56320K, used 32483K [0x00000000a0000000, 0x00000000a3700000, 0x00000000e0000000)
  object space 56320K, 57% used [0x00000000a0000000,0x00000000a1fb8fd8,0x00000000a3700000)
 Metaspace       used 57086K, capacity 58870K, committed 59008K, reserved 1099776K
  class space    used 7810K, capacity 8242K, committed 8320K, reserved 1048576K
Event: 14.837 GC heap after
Heap after GC invocations=18 (full 3):
 PSYoungGen      total 140800K, used 0K [0x00000000e0000000, 0x00000000eb380000, 0x0000000100000000)
  eden space 126976K, 0% used [0x00000000e0000000,0x00000000e0000000,0x00000000e7c00000)
  from space 13824K, 0% used [0x00000000e7c00000,0x00000000e7c00000,0x00000000e8980000)
  to   space 13824K, 0% used [0x00000000ea600000,0x00000000ea600000,0x00000000eb380000)
 ParOldGen       total 94720K, used 36755K [0x00000000a0000000, 0x00000000a5c80000, 0x00000000e0000000)
  object space 94720K, 38% used [0x00000000a0000000,0x00000000a23e4ef0,0x00000000a5c80000)
 Metaspace       used 57086K, capacity 58870K, committed 59008K, reserved 1099776K
  class space    used 7810K, capacity 8242K, committed 8320K, reserved 1048576K
}
Event: 18.596 GC heap before
{Heap before GC invocations=19 (full 3):
 PSYoungGen      total 140800K, used 126843K [0x00000000e0000000, 0x00000000eb380000, 0x0000000100000000)
  eden space 126976K, 99% used [0x00000000e0000000,0x00000000e7bdedb0,0x00000000e7c00000)
  from space 13824K, 0% used [0x00000000e7c00000,0x00000000e7c00000,0x00000000e8980000)
  to   space 13824K, 0% used [0x00000000ea600000,0x00000000ea600000,0x00000000eb380000)
 ParOldGen       total 94720K, used 36755K [0x00000000a0000000, 0x00000000a5c80000, 0x00000000e0000000)
  object space 94720K, 38% used [0x00000000a0000000,0x00000000a23e4ef0,0x00000000a5c80000)
 Metaspace       used 62326K, capacity 64168K, committed 64384K, reserved 1105920K
  class space    used 8342K, capacity 8771K, committed 8832K, reserved 1048576K
Event: 18.613 GC heap after
Heap after GC invocations=19 (full 3):
 PSYoungGen      total 164352K, used 13796K [0x00000000e0000000, 0x00000000eb380000, 0x0000000100000000)
  eden space 150528K, 0% used [0x00000000e0000000,0x00000000e0000000,0x00000000e9300000)
  from space 13824K, 99% used [0x00000000ea600000,0x00000000eb379060,0x00000000eb380000)
  to   space 15872K, 0% used [0x00000000e9480000,0x00000000e9480000,0x00000000ea400000)
 ParOldGen       total 94720K, used 37429K [0x00000000a0000000, 0x00000000a5c80000, 0x00000000e0000000)
  object space 94720K, 39% used [0x00000000a0000000,0x00000000a248d508,0x00000000a5c80000)
 Metaspace       used 62326K, capacity 64168K, committed 64384K, reserved 1105920K
  class space    used 8342K, capacity 8771K, committed 8832K, reserved 1048576K
}
Event: 18.643 GC heap before
{Heap before GC invocations=20 (full 3):
 PSYoungGen      total 164352K, used 163377K [0x00000000e0000000, 0x00000000eb380000, 0x0000000100000000)
  eden space 150528K, 99% used [0x00000000e0000000,0x00000000e9213550,0x00000000e9300000)
  from space 13824K, 99% used [0x00000000ea600000,0x00000000eb379060,0x00000000eb380000)
  to   space 15872K, 0% used [0x00000000e9480000,0x00000000e9480000,0x00000000ea400000)
 ParOldGen       total 94720K, used 37429K [0x00000000a0000000, 0x00000000a5c80000, 0x00000000e0000000)
  object space 94720K, 39% used [0x00000000a0000000,0x00000000a248d508,0x00000000a5c80000)
 Metaspace       used 62331K, capacity 64168K, committed 64384K, reserved 1105920K
  class space    used 8342K, capacity 8771K, committed 8832K, reserved 1048576K
Event: 18.657 GC heap after
Heap after GC invocations=20 (full 3):
 PSYoungGen      total 167936K, used 12862K [0x00000000e0000000, 0x00000000ee280000, 0x0000000100000000)
  eden space 152064K, 0% used [0x00000000e0000000,0x00000000e0000000,0x00000000e9480000)
  from space 15872K, 81% used [0x00000000e9480000,0x00000000ea10f9b0,0x00000000ea400000)
  to   space 16896K, 0% used [0x00000000ed200000,0x00000000ed200000,0x00000000ee280000)
 ParOldGen       total 94720K, used 37429K [0x00000000a0000000, 0x00000000a5c80000, 0x00000000e0000000)
  object space 94720K, 39% used [0x00000000a0000000,0x00000000a248d508,0x00000000a5c80000)
 Metaspace       used 62331K, capacity 64168K, committed 64384K, reserved 1105920K
  class space    used 8342K, capacity 8771K, committed 8832K, reserved 1048576K
}
Event: 32.978 GC heap before
{Heap before GC invocations=21 (full 3):
 PSYoungGen      total 167936K, used 164926K [0x00000000e0000000, 0x00000000ee280000, 0x0000000100000000)
  eden space 152064K, 100% used [0x00000000e0000000,0x00000000e9480000,0x00000000e9480000)
  from space 15872K, 81% used [0x00000000e9480000,0x00000000ea10f9b0,0x00000000ea400000)
  to   space 16896K, 0% used [0x00000000ed200000,0x00000000ed200000,0x00000000ee280000)
 ParOldGen       total 94720K, used 37429K [0x00000000a0000000, 0x00000000a5c80000, 0x00000000e0000000)
  object space 94720K, 39% used [0x00000000a0000000,0x00000000a248d508,0x00000000a5c80000)
 Metaspace       used 67124K, capacity 69430K, committed 69632K, reserved 1110016K
  class space    used 8895K, capacity 9424K, committed 9472K, reserved 1048576K
Event: 33.007 GC heap after
Heap after GC invocations=21 (full 3):
 PSYoungGen      total 212992K, used 9692K [0x00000000e0000000, 0x00000000ee180000, 0x0000000100000000)
  eden space 197120K, 0% used [0x00000000e0000000,0x00000000e0000000,0x00000000ec080000)
  from space 15872K, 61% used [0x00000000ed200000,0x00000000edb772d8,0x00000000ee180000)
  to   space 16896K, 0% used [0x00000000ec080000,0x00000000ec080000,0x00000000ed100000)
 ParOldGen       total 94720K, used 49265K [0x00000000a0000000, 0x00000000a5c80000, 0x00000000e0000000)
  object space 94720K, 52% used [0x00000000a0000000,0x00000000a301c6c8,0x00000000a5c80000)
 Metaspace       used 67124K, capacity 69430K, committed 69632K, reserved 1110016K
  class space    used 8895K, capacity 9424K, committed 9472K, reserved 1048576K
}

