# JRE version: OpenJDK Runtime Environment (8.0_152-b02) (build 1.8.0_152-release-1024-b02)
# Java VM: OpenJDK 64-Bit Server VM (25.152-b02 mixed mode windows-amd64 compressed oops)
Heap:
 PSYoungGen      total 291328K, used 45839K [0x00000000e0000000, 0x00000000f4580000, 0x0000000100000000)
  eden space 270336K, 14% used [0x00000000e0000000,0x00000000e2668870,0x00000000f0800000)
  from space 20992K, 31% used [0x00000000f1b80000,0x00000000f21db400,0x00000000f3000000)
  to   space 19968K, 0% used [0x00000000f0800000,0x00000000f0800000,0x00000000f1b80000)
 ParOldGen       total 95744K, used 60763K [0x00000000a0000000, 0x00000000a5d80000, 0x00000000e0000000)
  object space 95744K, 63% used [0x00000000a0000000,0x00000000a3b56da8,0x00000000a5d80000)
 Metaspace       used 81137K, capacity 84768K, committed 84992K, reserved 1122304K
  class space    used 10655K, capacity 11459K, committed 11520K, reserved 1048576K
GC Heap History (10 events):
Event: 13.097 GC heap before
{Heap before GC invocations=15 (full 2):
 PSYoungGen      total 194560K, used 97449K [0x00000000e0000000, 0x00000000ed080000, 0x0000000100000000)
  eden space 179200K, 46% used [0x00000000e0000000,0x00000000e5178e08,0x00000000eaf00000)
  from space 15360K, 91% used [0x00000000ebf80000,0x00000000ecd31928,0x00000000ece80000)
  to   space 16896K, 0% used [0x00000000eaf00000,0x00000000eaf00000,0x00000000ebf80000)
 ParOldGen       total 54784K, used 28780K [0x00000000a0000000, 0x00000000a3580000, 0x00000000e0000000)
  object space 54784K, 52% used [0x00000000a0000000,0x00000000a1c1b190,0x00000000a3580000)
 Metaspace       used 57131K, capacity 58934K, committed 59008K, reserved 1099776K
  class space    used 7789K, capacity 8261K, committed 8320K, reserved 1048576K
Event: 13.141 GC heap after
Heap after GC invocations=15 (full 2):
 PSYoungGen      total 196096K, used 9990K [0x00000000e0000000, 0x00000000f1600000, 0x0000000100000000)
  eden space 179200K, 0% used [0x00000000e0000000,0x00000000e0000000,0x00000000eaf00000)
  from space 16896K, 59% used [0x00000000eaf00000,0x00000000eb8c1930,0x00000000ebf80000)
  to   space 16896K, 0% used [0x00000000f0580000,0x00000000f0580000,0x00000000f1600000)
 ParOldGen       total 54784K, used 37017K [0x00000000a0000000, 0x00000000a3580000, 0x00000000e0000000)
  object space 54784K, 67% used [0x00000000a0000000,0x00000000a2426738,0x00000000a3580000)
 Metaspace       used 57131K, capacity 58934K, committed 59008K, reserved 1099776K
  class space    used 7789K, capacity 8261K, committed 8320K, reserved 1048576K
}
Event: 13.141 GC heap before
{Heap before GC invocations=16 (full 3):
 PSYoungGen      total 196096K, used 9990K [0x00000000e0000000, 0x00000000f1600000, 0x0000000100000000)
  eden space 179200K, 0% used [0x00000000e0000000,0x00000000e0000000,0x00000000eaf00000)
  from space 16896K, 59% used [0x00000000eaf00000,0x00000000eb8c1930,0x00000000ebf80000)
  to   space 16896K, 0% used [0x00000000f0580000,0x00000000f0580000,0x00000000f1600000)
 ParOldGen       total 54784K, used 37017K [0x00000000a0000000, 0x00000000a3580000, 0x00000000e0000000)
  object space 54784K, 67% used [0x00000000a0000000,0x00000000a2426738,0x00000000a3580000)
 Metaspace       used 57131K, capacity 58934K, committed 59008K, reserved 1099776K
  class space    used 7789K, capacity 8261K, committed 8320K, reserved 1048576K
Event: 13.488 GC heap after
Heap after GC invocations=16 (full 3):
 PSYoungGen      total 196096K, used 0K [0x00000000e0000000, 0x00000000f1600000, 0x0000000100000000)
  eden space 179200K, 0% used [0x00000000e0000000,0x00000000e0000000,0x00000000eaf00000)
  from space 16896K, 0% used [0x00000000eaf00000,0x00000000eaf00000,0x00000000ebf80000)
  to   space 16896K, 0% used [0x00000000f0580000,0x00000000f0580000,0x00000000f1600000)
 ParOldGen       total 95744K, used 42136K [0x00000000a0000000, 0x00000000a5d80000, 0x00000000e0000000)
  object space 95744K, 44% used [0x00000000a0000000,0x00000000a29260e0,0x00000000a5d80000)
 Metaspace       used 57131K, capacity 58934K, committed 59008K, reserved 1099776K
  class space    used 7789K, capacity 8261K, committed 8320K, reserved 1048576K
}
Event: 42.278 GC heap before
{Heap before GC invocations=17 (full 3):
 PSYoungGen      total 196096K, used 179200K [0x00000000e0000000, 0x00000000f1600000, 0x0000000100000000)
  eden space 179200K, 100% used [0x00000000e0000000,0x00000000eaf00000,0x00000000eaf00000)
  from space 16896K, 0% used [0x00000000eaf00000,0x00000000eaf00000,0x00000000ebf80000)
  to   space 16896K, 0% used [0x00000000f0580000,0x00000000f0580000,0x00000000f1600000)
 ParOldGen       total 95744K, used 42136K [0x00000000a0000000, 0x00000000a5d80000, 0x00000000e0000000)
  object space 95744K, 44% used [0x00000000a0000000,0x00000000a29260e0,0x00000000a5d80000)
 Metaspace       used 64212K, capacity 66552K, committed 66816K, reserved 1107968K
  class space    used 8527K, capacity 9115K, committed 9216K, reserved 1048576K
Event: 42.292 GC heap after
Heap after GC invocations=17 (full 3):
 PSYoungGen      total 234496K, used 11487K [0x00000000e0000000, 0x00000000f1100000, 0x0000000100000000)
  eden space 222720K, 0% used [0x00000000e0000000,0x00000000e0000000,0x00000000ed980000)
  from space 11776K, 97% used [0x00000000f0580000,0x00000000f10b7de8,0x00000000f1100000)
  to   space 17408K, 0% used [0x00000000eef00000,0x00000000eef00000,0x00000000f0000000)
 ParOldGen       total 95744K, used 42144K [0x00000000a0000000, 0x00000000a5d80000, 0x00000000e0000000)
  object space 95744K, 44% used [0x00000000a0000000,0x00000000a29280e0,0x00000000a5d80000)
 Metaspace       used 64212K, capacity 66552K, committed 66816K, reserved 1107968K
  class space    used 8527K, capacity 9115K, committed 9216K, reserved 1048576K
}
Event: 49.257 GC heap before
{Heap before GC invocations=18 (full 3):
 PSYoungGen      total 234496K, used 233600K [0x00000000e0000000, 0x00000000f1100000, 0x0000000100000000)
  eden space 222720K, 99% used [0x00000000e0000000,0x00000000ed8e8540,0x00000000ed980000)
  from space 11776K, 97% used [0x00000000f0580000,0x00000000f10b7de8,0x00000000f1100000)
  to   space 17408K, 0% used [0x00000000eef00000,0x00000000eef00000,0x00000000f0000000)
 ParOldGen       total 95744K, used 42144K [0x00000000a0000000, 0x00000000a5d80000, 0x00000000e0000000)
  object space 95744K, 44% used [0x00000000a0000000,0x00000000a29280e0,0x00000000a5d80000)
 Metaspace       used 72869K, capacity 75484K, committed 75776K, reserved 1114112K
  class space    used 9538K, capacity 10163K, committed 10240K, reserved 1048576K
Event: 49.283 GC heap after
Heap after GC invocations=18 (full 3):
 PSYoungGen      total 262144K, used 17381K [0x00000000e0000000, 0x00000000f3000000, 0x0000000100000000)
  eden space 244736K, 0% used [0x00000000e0000000,0x00000000e0000000,0x00000000eef00000)
  from space 17408K, 99% used [0x00000000eef00000,0x00000000efff9738,0x00000000f0000000)
  to   space 20992K, 0% used [0x00000000f1b80000,0x00000000f1b80000,0x00000000f3000000)
 ParOldGen       total 95744K, used 44552K [0x00000000a0000000, 0x00000000a5d80000, 0x00000000e0000000)
  object space 95744K, 46% used [0x00000000a0000000,0x00000000a2b82158,0x00000000a5d80000)
 Metaspace       used 72869K, capacity 75484K, committed 75776K, reserved 1114112K
  class space    used 9538K, capacity 10163K, committed 10240K, reserved 1048576K
}
Event: 51.227 GC heap before
{Heap before GC invocations=19 (full 3):
 PSYoungGen      total 262144K, used 262037K [0x00000000e0000000, 0x00000000f3000000, 0x0000000100000000)
  eden space 244736K, 99% used [0x00000000e0000000,0x00000000eeeec098,0x00000000eef00000)
  from space 17408K, 99% used [0x00000000eef00000,0x00000000efff9738,0x00000000f0000000)
  to   space 20992K, 0% used [0x00000000f1b80000,0x00000000f1b80000,0x00000000f3000000)
 ParOldGen       total 95744K, used 44552K [0x00000000a0000000, 0x00000000a5d80000, 0x00000000e0000000)
  object space 95744K, 46% used [0x00000000a0000000,0x00000000a2b82158,0x00000000a5d80000)
 Metaspace       used 76763K, capacity 79746K, committed 79872K, reserved 1118208K
  class space    used 10018K, capacity 10724K, committed 10752K, reserved 1048576K
Event: 51.250 GC heap after
Heap after GC invocations=19 (full 3):
 PSYoungGen      total 291328K, used 6509K [0x00000000e0000000, 0x00000000f4580000, 0x0000000100000000)
  eden space 270336K, 0% used [0x00000000e0000000,0x00000000e0000000,0x00000000f0800000)
  from space 20992K, 31% used [0x00000000f1b80000,0x00000000f21db400,0x00000000f3000000)
  to   space 19968K, 0% used [0x00000000f0800000,0x00000000f0800000,0x00000000f1b80000)
 ParOldGen       total 95744K, used 60763K [0x00000000a0000000, 0x00000000a5d80000, 0x00000000e0000000)
  object space 95744K, 63% used [0x00000000a0000000,0x00000000a3b56da8,0x00000000a5d80000)
 Metaspace       used 76763K, capacity 79746K, committed 79872K, reserved 1118208K
  class space    used 10018K, capacity 10724K, committed 10752K, reserved 1048576K
}

