# JRE version: OpenJDK Runtime Environment (8.0_152-b02) (build 1.8.0_152-release-1024-b02)
# Java VM: OpenJDK 64-Bit Server VM (25.152-b02 mixed mode windows-amd64 compressed oops)
Heap:
 PSYoungGen      total 268288K, used 252625K [0x00000000e0000000, 0x00000000f1a00000, 0x0000000100000000)
  eden space 252928K, 94% used [0x00000000e0000000,0x00000000ee849d80,0x00000000ef700000)
  from space 15360K, 96% used [0x00000000f0780000,0x00000000f15ea690,0x00000000f1680000)
  to   space 16896K, 0% used [0x00000000ef700000,0x00000000ef700000,0x00000000f0780000)
 ParOldGen       total 83968K, used 39565K [0x00000000a0000000, 0x00000000a5200000, 0x00000000e0000000)
  object space 83968K, 47% used [0x00000000a0000000,0x00000000a26a3428,0x00000000a5200000)
 Metaspace       used 80656K, capacity 84378K, committed 84568K, reserved 1122304K
  class space    used 10589K, capacity 11379K, committed 11392K, reserved 1048576K
GC Heap History (10 events):
Event: 18.942 GC heap before
{Heap before GC invocations=15 (full 2):
 PSYoungGen      total 164352K, used 22872K [0x00000000e0000000, 0x00000000eb300000, 0x0000000100000000)
  eden space 153600K, 9% used [0x00000000e0000000,0x00000000e0e93fe0,0x00000000e9600000)
  from space 10752K, 73% used [0x00000000ea880000,0x00000000eb0422f8,0x00000000eb300000)
  to   space 14848K, 0% used [0x00000000e9600000,0x00000000e9600000,0x00000000ea480000)
 ParOldGen       total 58368K, used 35154K [0x00000000a0000000, 0x00000000a3900000, 0x00000000e0000000)
  object space 58368K, 60% used [0x00000000a0000000,0x00000000a22549d8,0x00000000a3900000)
 Metaspace       used 56878K, capacity 58870K, committed 58968K, reserved 1099776K
  class space    used 7792K, capacity 8242K, committed 8320K, reserved 1048576K
Event: 18.948 GC heap after
Heap after GC invocations=15 (full 2):
 PSYoungGen      total 168448K, used 5576K [0x00000000e0000000, 0x00000000ee880000, 0x0000000100000000)
  eden space 153600K, 0% used [0x00000000e0000000,0x00000000e0000000,0x00000000e9600000)
  from space 14848K, 37% used [0x00000000e9600000,0x00000000e9b72018,0x00000000ea480000)
  to   space 14336K, 0% used [0x00000000eda80000,0x00000000eda80000,0x00000000ee880000)
 ParOldGen       total 58368K, used 35162K [0x00000000a0000000, 0x00000000a3900000, 0x00000000e0000000)
  object space 58368K, 60% used [0x00000000a0000000,0x00000000a22569d8,0x00000000a3900000)
 Metaspace       used 56878K, capacity 58870K, committed 58968K, reserved 1099776K
  class space    used 7792K, capacity 8242K, committed 8320K, reserved 1048576K
}
Event: 18.948 GC heap before
{Heap before GC invocations=16 (full 3):
 PSYoungGen      total 168448K, used 5576K [0x00000000e0000000, 0x00000000ee880000, 0x0000000100000000)
  eden space 153600K, 0% used [0x00000000e0000000,0x00000000e0000000,0x00000000e9600000)
  from space 14848K, 37% used [0x00000000e9600000,0x00000000e9b72018,0x00000000ea480000)
  to   space 14336K, 0% used [0x00000000eda80000,0x00000000eda80000,0x00000000ee880000)
 ParOldGen       total 58368K, used 35162K [0x00000000a0000000, 0x00000000a3900000, 0x00000000e0000000)
  object space 58368K, 60% used [0x00000000a0000000,0x00000000a22569d8,0x00000000a3900000)
 Metaspace       used 56878K, capacity 58870K, committed 58968K, reserved 1099776K
  class space    used 7792K, capacity 8242K, committed 8320K, reserved 1048576K
Event: 19.133 GC heap after
Heap after GC invocations=16 (full 3):
 PSYoungGen      total 168448K, used 0K [0x00000000e0000000, 0x00000000ee880000, 0x0000000100000000)
  eden space 153600K, 0% used [0x00000000e0000000,0x00000000e0000000,0x00000000e9600000)
  from space 14848K, 0% used [0x00000000e9600000,0x00000000e9600000,0x00000000ea480000)
  to   space 14336K, 0% used [0x00000000eda80000,0x00000000eda80000,0x00000000ee880000)
 ParOldGen       total 83968K, used 32177K [0x00000000a0000000, 0x00000000a5200000, 0x00000000e0000000)
  object space 83968K, 38% used [0x00000000a0000000,0x00000000a1f6c600,0x00000000a5200000)
 Metaspace       used 56776K, capacity 58630K, committed 58968K, reserved 1099776K
  class space    used 7758K, capacity 8184K, committed 8320K, reserved 1048576K
}
Event: 417.743 GC heap before
{Heap before GC invocations=17 (full 3):
 PSYoungGen      total 168448K, used 153262K [0x00000000e0000000, 0x00000000ee880000, 0x0000000100000000)
  eden space 153600K, 99% used [0x00000000e0000000,0x00000000e95ab988,0x00000000e9600000)
  from space 14848K, 0% used [0x00000000e9600000,0x00000000e9600000,0x00000000ea480000)
  to   space 14336K, 0% used [0x00000000eda80000,0x00000000eda80000,0x00000000ee880000)
 ParOldGen       total 83968K, used 32177K [0x00000000a0000000, 0x00000000a5200000, 0x00000000e0000000)
  object space 83968K, 38% used [0x00000000a0000000,0x00000000a1f6c600,0x00000000a5200000)
 Metaspace       used 65538K, capacity 67742K, committed 67928K, reserved 1107968K
  class space    used 8731K, capacity 9224K, committed 9344K, reserved 1048576K
Event: 417.772 GC heap after
Heap after GC invocations=17 (full 3):
 PSYoungGen      total 210432K, used 12134K [0x00000000e0000000, 0x00000000ee680000, 0x0000000100000000)
  eden space 198144K, 0% used [0x00000000e0000000,0x00000000e0000000,0x00000000ec180000)
  from space 12288K, 98% used [0x00000000eda80000,0x00000000ee659ba0,0x00000000ee680000)
  to   space 15360K, 0% used [0x00000000ec880000,0x00000000ec880000,0x00000000ed780000)
 ParOldGen       total 83968K, used 32185K [0x00000000a0000000, 0x00000000a5200000, 0x00000000e0000000)
  object space 83968K, 38% used [0x00000000a0000000,0x00000000a1f6e600,0x00000000a5200000)
 Metaspace       used 65538K, capacity 67742K, committed 67928K, reserved 1107968K
  class space    used 8731K, capacity 9224K, committed 9344K, reserved 1048576K
}
Event: 419.807 GC heap before
{Heap before GC invocations=18 (full 3):
 PSYoungGen      total 210432K, used 209680K [0x00000000e0000000, 0x00000000ee680000, 0x0000000100000000)
  eden space 198144K, 99% used [0x00000000e0000000,0x00000000ec0ea830,0x00000000ec180000)
  from space 12288K, 98% used [0x00000000eda80000,0x00000000ee659ba0,0x00000000ee680000)
  to   space 15360K, 0% used [0x00000000ec880000,0x00000000ec880000,0x00000000ed780000)
 ParOldGen       total 83968K, used 32185K [0x00000000a0000000, 0x00000000a5200000, 0x00000000e0000000)
  object space 83968K, 38% used [0x00000000a0000000,0x00000000a1f6e600,0x00000000a5200000)
 Metaspace       used 67267K, capacity 69542K, committed 69848K, reserved 1110016K
  class space    used 8856K, capacity 9362K, committed 9472K, reserved 1048576K
Event: 419.829 GC heap after
Heap after GC invocations=18 (full 3):
 PSYoungGen      total 220672K, used 5335K [0x00000000e0000000, 0x00000000f1680000, 0x0000000100000000)
  eden space 205312K, 0% used [0x00000000e0000000,0x00000000e0000000,0x00000000ec880000)
  from space 15360K, 34% used [0x00000000ec880000,0x00000000ecdb5f28,0x00000000ed780000)
  to   space 15360K, 0% used [0x00000000f0780000,0x00000000f0780000,0x00000000f1680000)
 ParOldGen       total 83968K, used 39557K [0x00000000a0000000, 0x00000000a5200000, 0x00000000e0000000)
  object space 83968K, 47% used [0x00000000a0000000,0x00000000a26a1428,0x00000000a5200000)
 Metaspace       used 67267K, capacity 69542K, committed 69848K, reserved 1110016K
  class space    used 8856K, capacity 9362K, committed 9472K, reserved 1048576K
}
Event: 555.798 GC heap before
{Heap before GC invocations=19 (full 3):
 PSYoungGen      total 220672K, used 210647K [0x00000000e0000000, 0x00000000f1680000, 0x0000000100000000)
  eden space 205312K, 100% used [0x00000000e0000000,0x00000000ec880000,0x00000000ec880000)
  from space 15360K, 34% used [0x00000000ec880000,0x00000000ecdb5f28,0x00000000ed780000)
  to   space 15360K, 0% used [0x00000000f0780000,0x00000000f0780000,0x00000000f1680000)
 ParOldGen       total 83968K, used 39557K [0x00000000a0000000, 0x00000000a5200000, 0x00000000e0000000)
  object space 83968K, 47% used [0x00000000a0000000,0x00000000a26a1428,0x00000000a5200000)
 Metaspace       used 74711K, capacity 77646K, committed 77784K, reserved 1116160K
  class space    used 9872K, capacity 10454K, committed 10496K, reserved 1048576K
Event: 555.817 GC heap after
Heap after GC invocations=19 (full 3):
 PSYoungGen      total 268288K, used 14761K [0x00000000e0000000, 0x00000000f1a00000, 0x0000000100000000)
  eden space 252928K, 0% used [0x00000000e0000000,0x00000000e0000000,0x00000000ef700000)
  from space 15360K, 96% used [0x00000000f0780000,0x00000000f15ea690,0x00000000f1680000)
  to   space 16896K, 0% used [0x00000000ef700000,0x00000000ef700000,0x00000000f0780000)
 ParOldGen       total 83968K, used 39565K [0x00000000a0000000, 0x00000000a5200000, 0x00000000e0000000)
  object space 83968K, 47% used [0x00000000a0000000,0x00000000a26a3428,0x00000000a5200000)
 Metaspace       used 74711K, capacity 77646K, committed 77784K, reserved 1116160K
  class space    used 9872K, capacity 10454K, committed 10496K, reserved 1048576K
}

