# JRE version: OpenJDK Runtime Environment (8.0_152-b02) (build 1.8.0_152-release-1024-b02)
# Java VM: OpenJDK 64-Bit Server VM (25.152-b02 mixed mode windows-amd64 compressed oops)
Heap:
 PSYoungGen      total 210944K, used 67017K [0x00000000e0000000, 0x00000000f1400000, 0x0000000100000000)
  eden space 188928K, 28% used [0x00000000e0000000,0x00000000e3574a08,0x00000000eb880000)
  from space 22016K, 55% used [0x00000000eb880000,0x00000000ec47db28,0x00000000ece00000)
  to   space 22016K, 0% used [0x00000000efe80000,0x00000000efe80000,0x00000000f1400000)
 ParOldGen       total 58880K, used 43994K [0x00000000a0000000, 0x00000000a3980000, 0x00000000e0000000)
  object space 58880K, 74% used [0x00000000a0000000,0x00000000a2af68f0,0x00000000a3980000)
 Metaspace       used 64019K, capacity 66768K, committed 66944K, reserved 1107968K
  class space    used 8582K, capacity 9221K, committed 9344K, reserved 1048576K
GC Heap History (10 events):
Event: 9.464 GC heap before
{Heap before GC invocations=14 (full 2):
 PSYoungGen      total 131584K, used 131576K [0x00000000e0000000, 0x00000000eb380000, 0x0000000100000000)
  eden space 119296K, 100% used [0x00000000e0000000,0x00000000e7480000,0x00000000e7480000)
  from space 12288K, 99% used [0x00000000e7480000,0x00000000e807e378,0x00000000e8080000)
  to   space 14336K, 0% used [0x00000000ea580000,0x00000000ea580000,0x00000000eb380000)
 ParOldGen       total 58880K, used 17763K [0x00000000a0000000, 0x00000000a3980000, 0x00000000e0000000)
  object space 58880K, 30% used [0x00000000a0000000,0x00000000a1158d20,0x00000000a3980000)
 Metaspace       used 52683K, capacity 54406K, committed 54656K, reserved 1095680K
  class space    used 7281K, capacity 7698K, committed 7808K, reserved 1048576K
Event: 9.485 GC heap after
Heap after GC invocations=14 (full 2):
 PSYoungGen      total 165376K, used 14321K [0x00000000e0000000, 0x00000000eb900000, 0x0000000100000000)
  eden space 151040K, 0% used [0x00000000e0000000,0x00000000e0000000,0x00000000e9380000)
  from space 14336K, 99% used [0x00000000ea580000,0x00000000eb37c490,0x00000000eb380000)
  to   space 18432K, 0% used [0x00000000e9380000,0x00000000e9380000,0x00000000ea580000)
 ParOldGen       total 58880K, used 23070K [0x00000000a0000000, 0x00000000a3980000, 0x00000000e0000000)
  object space 58880K, 39% used [0x00000000a0000000,0x00000000a1687a88,0x00000000a3980000)
 Metaspace       used 52683K, capacity 54406K, committed 54656K, reserved 1095680K
  class space    used 7281K, capacity 7698K, committed 7808K, reserved 1048576K
}
Event: 12.434 GC heap before
{Heap before GC invocations=15 (full 2):
 PSYoungGen      total 165376K, used 165361K [0x00000000e0000000, 0x00000000eb900000, 0x0000000100000000)
  eden space 151040K, 100% used [0x00000000e0000000,0x00000000e9380000,0x00000000e9380000)
  from space 14336K, 99% used [0x00000000ea580000,0x00000000eb37c490,0x00000000eb380000)
  to   space 18432K, 0% used [0x00000000e9380000,0x00000000e9380000,0x00000000ea580000)
 ParOldGen       total 58880K, used 23070K [0x00000000a0000000, 0x00000000a3980000, 0x00000000e0000000)
  object space 58880K, 39% used [0x00000000a0000000,0x00000000a1687a88,0x00000000a3980000)
 Metaspace       used 55701K, capacity 57496K, committed 57600K, reserved 1099776K
  class space    used 7672K, capacity 8161K, committed 8192K, reserved 1048576K
Event: 12.467 GC heap after
Heap after GC invocations=15 (full 2):
 PSYoungGen      total 169472K, used 16283K [0x00000000e0000000, 0x00000000ee200000, 0x0000000100000000)
  eden space 151040K, 0% used [0x00000000e0000000,0x00000000e0000000,0x00000000e9380000)
  from space 18432K, 88% used [0x00000000e9380000,0x00000000ea366f70,0x00000000ea580000)
  to   space 20480K, 0% used [0x00000000ece00000,0x00000000ece00000,0x00000000ee200000)
 ParOldGen       total 58880K, used 37099K [0x00000000a0000000, 0x00000000a3980000, 0x00000000e0000000)
  object space 58880K, 63% used [0x00000000a0000000,0x00000000a243ae60,0x00000000a3980000)
 Metaspace       used 55701K, capacity 57496K, committed 57600K, reserved 1099776K
  class space    used 7672K, capacity 8161K, committed 8192K, reserved 1048576K
}
Event: 12.815 GC heap before
{Heap before GC invocations=16 (full 2):
 PSYoungGen      total 169472K, used 31875K [0x00000000e0000000, 0x00000000ee200000, 0x0000000100000000)
  eden space 151040K, 10% used [0x00000000e0000000,0x00000000e0f39e00,0x00000000e9380000)
  from space 18432K, 88% used [0x00000000e9380000,0x00000000ea366f70,0x00000000ea580000)
  to   space 20480K, 0% used [0x00000000ece00000,0x00000000ece00000,0x00000000ee200000)
 ParOldGen       total 58880K, used 37099K [0x00000000a0000000, 0x00000000a3980000, 0x00000000e0000000)
  object space 58880K, 63% used [0x00000000a0000000,0x00000000a243ae60,0x00000000a3980000)
 Metaspace       used 56725K, capacity 58866K, committed 59028K, reserved 1099776K
  class space    used 7791K, capacity 8348K, committed 8448K, reserved 1048576K
Event: 12.838 GC heap after
Heap after GC invocations=16 (full 2):
 PSYoungGen      total 209408K, used 16141K [0x00000000e0000000, 0x00000000ef000000, 0x0000000100000000)
  eden space 188928K, 0% used [0x00000000e0000000,0x00000000e0000000,0x00000000eb880000)
  from space 20480K, 78% used [0x00000000ece00000,0x00000000eddc36d0,0x00000000ee200000)
  to   space 22016K, 0% used [0x00000000eb880000,0x00000000eb880000,0x00000000ece00000)
 ParOldGen       total 58880K, used 37107K [0x00000000a0000000, 0x00000000a3980000, 0x00000000e0000000)
  object space 58880K, 63% used [0x00000000a0000000,0x00000000a243ce60,0x00000000a3980000)
 Metaspace       used 56725K, capacity 58866K, committed 59028K, reserved 1099776K
  class space    used 7791K, capacity 8348K, committed 8448K, reserved 1048576K
}
Event: 12.838 GC heap before
{Heap before GC invocations=17 (full 3):
 PSYoungGen      total 209408K, used 16141K [0x00000000e0000000, 0x00000000ef000000, 0x0000000100000000)
  eden space 188928K, 0% used [0x00000000e0000000,0x00000000e0000000,0x00000000eb880000)
  from space 20480K, 78% used [0x00000000ece00000,0x00000000eddc36d0,0x00000000ee200000)
  to   space 22016K, 0% used [0x00000000eb880000,0x00000000eb880000,0x00000000ece00000)
 ParOldGen       total 58880K, used 37107K [0x00000000a0000000, 0x00000000a3980000, 0x00000000e0000000)
  object space 58880K, 63% used [0x00000000a0000000,0x00000000a243ce60,0x00000000a3980000)
 Metaspace       used 56725K, capacity 58866K, committed 59028K, reserved 1099776K
  class space    used 7791K, capacity 8348K, committed 8448K, reserved 1048576K
Event: 13.100 GC heap after
Heap after GC invocations=17 (full 3):
 PSYoungGen      total 209408K, used 0K [0x00000000e0000000, 0x00000000ef000000, 0x0000000100000000)
  eden space 188928K, 0% used [0x00000000e0000000,0x00000000e0000000,0x00000000eb880000)
  from space 20480K, 0% used [0x00000000ece00000,0x00000000ece00000,0x00000000ee200000)
  to   space 22016K, 0% used [0x00000000eb880000,0x00000000eb880000,0x00000000ece00000)
 ParOldGen       total 58880K, used 43986K [0x00000000a0000000, 0x00000000a3980000, 0x00000000e0000000)
  object space 58880K, 74% used [0x00000000a0000000,0x00000000a2af48f0,0x00000000a3980000)
 Metaspace       used 56725K, capacity 58866K, committed 59028K, reserved 1099776K
  class space    used 7791K, capacity 8348K, committed 8448K, reserved 1048576K
}
Event: 34.054 GC heap before
{Heap before GC invocations=18 (full 3):
 PSYoungGen      total 209408K, used 188928K [0x00000000e0000000, 0x00000000ef000000, 0x0000000100000000)
  eden space 188928K, 100% used [0x00000000e0000000,0x00000000eb880000,0x00000000eb880000)
  from space 20480K, 0% used [0x00000000ece00000,0x00000000ece00000,0x00000000ee200000)
  to   space 22016K, 0% used [0x00000000eb880000,0x00000000eb880000,0x00000000ece00000)
 ParOldGen       total 58880K, used 43986K [0x00000000a0000000, 0x00000000a3980000, 0x00000000e0000000)
  object space 58880K, 74% used [0x00000000a0000000,0x00000000a2af48f0,0x00000000a3980000)
 Metaspace       used 63429K, capacity 66056K, committed 66304K, reserved 1105920K
  class space    used 8519K, capacity 9113K, committed 9216K, reserved 1048576K
Event: 34.070 GC heap after
Heap after GC invocations=18 (full 3):
 PSYoungGen      total 210944K, used 12278K [0x00000000e0000000, 0x00000000f1400000, 0x0000000100000000)
  eden space 188928K, 0% used [0x00000000e0000000,0x00000000e0000000,0x00000000eb880000)
  from space 22016K, 55% used [0x00000000eb880000,0x00000000ec47db28,0x00000000ece00000)
  to   space 22016K, 0% used [0x00000000efe80000,0x00000000efe80000,0x00000000f1400000)
 ParOldGen       total 58880K, used 43994K [0x00000000a0000000, 0x00000000a3980000, 0x00000000e0000000)
  object space 58880K, 74% used [0x00000000a0000000,0x00000000a2af68f0,0x00000000a3980000)
 Metaspace       used 63429K, capacity 66056K, committed 66304K, reserved 1105920K
  class space    used 8519K, capacity 9113K, committed 9216K, reserved 1048576K
}

