# JRE version: OpenJDK Runtime Environment (8.0_152-b02) (build 1.8.0_152-release-1024-b02)
# Java VM: OpenJDK 64-Bit Server VM (25.152-b02 mixed mode windows-amd64 compressed oops)
Heap:
 PSYoungGen      total 238592K, used 185571K [0x00000000e0000000, 0x00000000f1080000, 0x0000000100000000)
  eden space 206848K, 80% used [0x00000000e0000000,0x00000000ea1c2488,0x00000000eca00000)
  from space 31744K, 62% used [0x00000000eca00000,0x00000000edd76a30,0x00000000ee900000)
  to   space 31232K, 0% used [0x00000000ee900000,0x00000000ee900000,0x00000000f0780000)
 ParOldGen       total 133120K, used 62669K [0x00000000a0000000, 0x00000000a8200000, 0x00000000e0000000)
  object space 133120K, 47% used [0x00000000a0000000,0x00000000a3d33570,0x00000000a8200000)
 Metaspace       used 92411K, capacity 98596K, committed 99532K, reserved 1136640K
  class space    used 11772K, capacity 13054K, committed 13312K, reserved 1048576K
GC Heap History (10 events):
Event: 3663.736 GC heap before
{Heap before GC invocations=27 (full 3):
 PSYoungGen      total 185344K, used 171742K [0x00000000e0000000, 0x00000000eee00000, 0x0000000100000000)
  eden space 155648K, 100% used [0x00000000e0000000,0x00000000e9800000,0x00000000e9800000)
  from space 29696K, 54% used [0x00000000e9800000,0x00000000ea7b7a38,0x00000000eb500000)
  to   space 28672K, 0% used [0x00000000ed200000,0x00000000ed200000,0x00000000eee00000)
 ParOldGen       total 103936K, used 78392K [0x00000000a0000000, 0x00000000a6580000, 0x00000000e0000000)
  object space 103936K, 75% used [0x00000000a0000000,0x00000000a4c8e208,0x00000000a6580000)
 Metaspace       used 82722K, capacity 88242K, committed 88448K, reserved 1126400K
  class space    used 10674K, capacity 11875K, committed 11904K, reserved 1048576K
Event: 3663.758 GC heap after
Heap after GC invocations=27 (full 3):
 PSYoungGen      total 208896K, used 16458K [0x00000000e0000000, 0x00000000eea80000, 0x0000000100000000)
  eden space 183808K, 0% used [0x00000000e0000000,0x00000000e0000000,0x00000000eb380000)
  from space 25088K, 65% used [0x00000000ed200000,0x00000000ee2128e0,0x00000000eea80000)
  to   space 28160K, 0% used [0x00000000eb380000,0x00000000eb380000,0x00000000ecf00000)
 ParOldGen       total 103936K, used 79952K [0x00000000a0000000, 0x00000000a6580000, 0x00000000e0000000)
  object space 103936K, 76% used [0x00000000a0000000,0x00000000a4e14228,0x00000000a6580000)
 Metaspace       used 82722K, capacity 88242K, committed 88448K, reserved 1126400K
  class space    used 10674K, capacity 11875K, committed 11904K, reserved 1048576K
}
Event: 3668.730 GC heap before
{Heap before GC invocations=28 (full 3):
 PSYoungGen      total 208896K, used 200266K [0x00000000e0000000, 0x00000000eea80000, 0x0000000100000000)
  eden space 183808K, 100% used [0x00000000e0000000,0x00000000eb380000,0x00000000eb380000)
  from space 25088K, 65% used [0x00000000ed200000,0x00000000ee2128e0,0x00000000eea80000)
  to   space 28160K, 0% used [0x00000000eb380000,0x00000000eb380000,0x00000000ecf00000)
 ParOldGen       total 103936K, used 79952K [0x00000000a0000000, 0x00000000a6580000, 0x00000000e0000000)
  object space 103936K, 76% used [0x00000000a0000000,0x00000000a4e14228,0x00000000a6580000)
 Metaspace       used 90893K, capacity 97118K, committed 97280K, reserved 1134592K
  class space    used 11701K, capacity 13032K, committed 13056K, reserved 1048576K
Event: 3668.787 GC heap after
Heap after GC invocations=28 (full 3):
 PSYoungGen      total 211968K, used 26308K [0x00000000e0000000, 0x00000000f0780000, 0x0000000100000000)
  eden space 183808K, 0% used [0x00000000e0000000,0x00000000e0000000,0x00000000eb380000)
  from space 28160K, 93% used [0x00000000eb380000,0x00000000ecd31098,0x00000000ecf00000)
  to   space 31232K, 0% used [0x00000000ee900000,0x00000000ee900000,0x00000000f0780000)
 ParOldGen       total 103936K, used 79960K [0x00000000a0000000, 0x00000000a6580000, 0x00000000e0000000)
  object space 103936K, 76% used [0x00000000a0000000,0x00000000a4e16228,0x00000000a6580000)
 Metaspace       used 90893K, capacity 97118K, committed 97280K, reserved 1134592K
  class space    used 11701K, capacity 13032K, committed 13056K, reserved 1048576K
}
Event: 3669.244 GC heap before
{Heap before GC invocations=29 (full 3):
 PSYoungGen      total 211968K, used 83470K [0x00000000e0000000, 0x00000000f0780000, 0x0000000100000000)
  eden space 183808K, 31% used [0x00000000e0000000,0x00000000e37d2938,0x00000000eb380000)
  from space 28160K, 93% used [0x00000000eb380000,0x00000000ecd31098,0x00000000ecf00000)
  to   space 31232K, 0% used [0x00000000ee900000,0x00000000ee900000,0x00000000f0780000)
 ParOldGen       total 103936K, used 79960K [0x00000000a0000000, 0x00000000a6580000, 0x00000000e0000000)
  object space 103936K, 76% used [0x00000000a0000000,0x00000000a4e16228,0x00000000a6580000)
 Metaspace       used 91832K, capacity 98306K, committed 98380K, reserved 1134592K
  class space    used 11815K, capacity 13168K, committed 13184K, reserved 1048576K
Event: 3669.281 GC heap after
Heap after GC invocations=29 (full 3):
 PSYoungGen      total 238080K, used 21296K [0x00000000e0000000, 0x00000000f1080000, 0x0000000100000000)
  eden space 206848K, 0% used [0x00000000e0000000,0x00000000e0000000,0x00000000eca00000)
  from space 31232K, 68% used [0x00000000ee900000,0x00000000efdcc298,0x00000000f0780000)
  to   space 31744K, 0% used [0x00000000eca00000,0x00000000eca00000,0x00000000ee900000)
 ParOldGen       total 103936K, used 79968K [0x00000000a0000000, 0x00000000a6580000, 0x00000000e0000000)
  object space 103936K, 76% used [0x00000000a0000000,0x00000000a4e18228,0x00000000a6580000)
 Metaspace       used 91832K, capacity 98306K, committed 98380K, reserved 1134592K
  class space    used 11815K, capacity 13168K, committed 13184K, reserved 1048576K
}
Event: 3669.281 GC heap before
{Heap before GC invocations=30 (full 4):
 PSYoungGen      total 238080K, used 21296K [0x00000000e0000000, 0x00000000f1080000, 0x0000000100000000)
  eden space 206848K, 0% used [0x00000000e0000000,0x00000000e0000000,0x00000000eca00000)
  from space 31232K, 68% used [0x00000000ee900000,0x00000000efdcc298,0x00000000f0780000)
  to   space 31744K, 0% used [0x00000000eca00000,0x00000000eca00000,0x00000000ee900000)
 ParOldGen       total 103936K, used 79968K [0x00000000a0000000, 0x00000000a6580000, 0x00000000e0000000)
  object space 103936K, 76% used [0x00000000a0000000,0x00000000a4e18228,0x00000000a6580000)
 Metaspace       used 91832K, capacity 98306K, committed 98380K, reserved 1134592K
  class space    used 11815K, capacity 13168K, committed 13184K, reserved 1048576K
Event: 3669.980 GC heap after
Heap after GC invocations=30 (full 4):
 PSYoungGen      total 238080K, used 0K [0x00000000e0000000, 0x00000000f1080000, 0x0000000100000000)
  eden space 206848K, 0% used [0x00000000e0000000,0x00000000e0000000,0x00000000eca00000)
  from space 31232K, 0% used [0x00000000ee900000,0x00000000ee900000,0x00000000f0780000)
  to   space 31744K, 0% used [0x00000000eca00000,0x00000000eca00000,0x00000000ee900000)
 ParOldGen       total 133120K, used 62661K [0x00000000a0000000, 0x00000000a8200000, 0x00000000e0000000)
  object space 133120K, 47% used [0x00000000a0000000,0x00000000a3d31570,0x00000000a8200000)
 Metaspace       used 91368K, capacity 97356K, committed 98380K, reserved 1134592K
  class space    used 11698K, capacity 12958K, committed 13184K, reserved 1048576K
}
Event: 3673.590 GC heap before
{Heap before GC invocations=31 (full 4):
 PSYoungGen      total 238080K, used 206848K [0x00000000e0000000, 0x00000000f1080000, 0x0000000100000000)
  eden space 206848K, 100% used [0x00000000e0000000,0x00000000eca00000,0x00000000eca00000)
  from space 31232K, 0% used [0x00000000ee900000,0x00000000ee900000,0x00000000f0780000)
  to   space 31744K, 0% used [0x00000000eca00000,0x00000000eca00000,0x00000000ee900000)
 ParOldGen       total 133120K, used 62661K [0x00000000a0000000, 0x00000000a8200000, 0x00000000e0000000)
  object space 133120K, 47% used [0x00000000a0000000,0x00000000a3d31570,0x00000000a8200000)
 Metaspace       used 92246K, capacity 98384K, committed 99276K, reserved 1134592K
  class space    used 11770K, capacity 13050K, committed 13312K, reserved 1048576K
Event: 3673.641 GC heap after
Heap after GC invocations=31 (full 4):
 PSYoungGen      total 238592K, used 19930K [0x00000000e0000000, 0x00000000f1080000, 0x0000000100000000)
  eden space 206848K, 0% used [0x00000000e0000000,0x00000000e0000000,0x00000000eca00000)
  from space 31744K, 62% used [0x00000000eca00000,0x00000000edd76a30,0x00000000ee900000)
  to   space 31232K, 0% used [0x00000000ee900000,0x00000000ee900000,0x00000000f0780000)
 ParOldGen       total 133120K, used 62669K [0x00000000a0000000, 0x00000000a8200000, 0x00000000e0000000)
  object space 133120K, 47% used [0x00000000a0000000,0x00000000a3d33570,0x00000000a8200000)
 Metaspace       used 92246K, capacity 98384K, committed 99276K, reserved 1134592K
  class space    used 11770K, capacity 13050K, committed 13312K, reserved 1048576K
}

