# JRE version: OpenJDK Runtime Environment (8.0_152-b02) (build 1.8.0_152-release-1024-b02)
# Java VM: OpenJDK 64-Bit Server VM (25.152-b02 mixed mode windows-amd64 compressed oops)
Heap:
 PSYoungGen      total 241152K, used 209549K [0x00000000e0000000, 0x00000000f0880000, 0x0000000100000000)
  eden space 212480K, 98% used [0x00000000e0000000,0x00000000ecc48d90,0x00000000ecf80000)
  from space 28672K, 1% used [0x00000000eeb80000,0x00000000eebda9c0,0x00000000f0780000)
  to   space 28672K, 0% used [0x00000000ecf80000,0x00000000ecf80000,0x00000000eeb80000)
 ParOldGen       total 94720K, used 62861K [0x00000000a0000000, 0x00000000a5c80000, 0x00000000e0000000)
  object space 94720K, 66% used [0x00000000a0000000,0x00000000a3d63548,0x00000000a5c80000)
 Metaspace       used 88977K, capacity 92730K, committed 95192K, reserved 1132544K
  class space    used 11099K, capacity 11871K, committed 12544K, reserved 1048576K
GC Heap History (10 events):
Event: 3841.710 GC heap before
{Heap before GC invocations=42 (full 4):
 PSYoungGen      total 241152K, used 221522K [0x00000000e0000000, 0x00000000f0880000, 0x0000000100000000)
  eden space 212480K, 100% used [0x00000000e0000000,0x00000000ecf80000,0x00000000ecf80000)
  from space 28672K, 31% used [0x00000000ecf80000,0x00000000ed854a80,0x00000000eeb80000)
  to   space 28672K, 0% used [0x00000000eeb80000,0x00000000eeb80000,0x00000000f0780000)
 ParOldGen       total 94720K, used 55071K [0x00000000a0000000, 0x00000000a5c80000, 0x00000000e0000000)
  object space 94720K, 58% used [0x00000000a0000000,0x00000000a35c7e38,0x00000000a5c80000)
 Metaspace       used 88811K, capacity 92586K, committed 95192K, reserved 1132544K
  class space    used 11099K, capacity 11871K, committed 12544K, reserved 1048576K
Event: 3841.751 GC heap after
Heap after GC invocations=42 (full 4):
 PSYoungGen      total 241152K, used 5821K [0x00000000e0000000, 0x00000000f0880000, 0x0000000100000000)
  eden space 212480K, 0% used [0x00000000e0000000,0x00000000e0000000,0x00000000ecf80000)
  from space 28672K, 20% used [0x00000000eeb80000,0x00000000ef12f7a0,0x00000000f0780000)
  to   space 28672K, 0% used [0x00000000ecf80000,0x00000000ecf80000,0x00000000eeb80000)
 ParOldGen       total 94720K, used 59443K [0x00000000a0000000, 0x00000000a5c80000, 0x00000000e0000000)
  object space 94720K, 62% used [0x00000000a0000000,0x00000000a3a0cf38,0x00000000a5c80000)
 Metaspace       used 88811K, capacity 92586K, committed 95192K, reserved 1132544K
  class space    used 11099K, capacity 11871K, committed 12544K, reserved 1048576K
}
Event: 3842.641 GC heap before
{Heap before GC invocations=43 (full 4):
 PSYoungGen      total 241152K, used 218301K [0x00000000e0000000, 0x00000000f0880000, 0x0000000100000000)
  eden space 212480K, 100% used [0x00000000e0000000,0x00000000ecf80000,0x00000000ecf80000)
  from space 28672K, 20% used [0x00000000eeb80000,0x00000000ef12f7a0,0x00000000f0780000)
  to   space 28672K, 0% used [0x00000000ecf80000,0x00000000ecf80000,0x00000000eeb80000)
 ParOldGen       total 94720K, used 59443K [0x00000000a0000000, 0x00000000a5c80000, 0x00000000e0000000)
  object space 94720K, 62% used [0x00000000a0000000,0x00000000a3a0cf38,0x00000000a5c80000)
 Metaspace       used 88855K, capacity 92590K, committed 95192K, reserved 1132544K
  class space    used 11099K, capacity 11871K, committed 12544K, reserved 1048576K
Event: 3842.658 GC heap after
Heap after GC invocations=43 (full 4):
 PSYoungGen      total 241152K, used 1786K [0x00000000e0000000, 0x00000000f0880000, 0x0000000100000000)
  eden space 212480K, 0% used [0x00000000e0000000,0x00000000e0000000,0x00000000ecf80000)
  from space 28672K, 6% used [0x00000000ecf80000,0x00000000ed13e9e8,0x00000000eeb80000)
  to   space 28672K, 0% used [0x00000000eeb80000,0x00000000eeb80000,0x00000000f0780000)
 ParOldGen       total 94720K, used 62099K [0x00000000a0000000, 0x00000000a5c80000, 0x00000000e0000000)
  object space 94720K, 65% used [0x00000000a0000000,0x00000000a3ca4fb8,0x00000000a5c80000)
 Metaspace       used 88855K, capacity 92590K, committed 95192K, reserved 1132544K
  class space    used 11099K, capacity 11871K, committed 12544K, reserved 1048576K
}
Event: 3843.411 GC heap before
{Heap before GC invocations=44 (full 4):
 PSYoungGen      total 241152K, used 214266K [0x00000000e0000000, 0x00000000f0880000, 0x0000000100000000)
  eden space 212480K, 100% used [0x00000000e0000000,0x00000000ecf80000,0x00000000ecf80000)
  from space 28672K, 6% used [0x00000000ecf80000,0x00000000ed13e9e8,0x00000000eeb80000)
  to   space 28672K, 0% used [0x00000000eeb80000,0x00000000eeb80000,0x00000000f0780000)
 ParOldGen       total 94720K, used 62099K [0x00000000a0000000, 0x00000000a5c80000, 0x00000000e0000000)
  object space 94720K, 65% used [0x00000000a0000000,0x00000000a3ca4fb8,0x00000000a5c80000)
 Metaspace       used 88880K, capacity 92594K, committed 95192K, reserved 1132544K
  class space    used 11099K, capacity 11871K, committed 12544K, reserved 1048576K
Event: 3843.426 GC heap after
Heap after GC invocations=44 (full 4):
 PSYoungGen      total 241152K, used 5858K [0x00000000e0000000, 0x00000000f0880000, 0x0000000100000000)
  eden space 212480K, 0% used [0x00000000e0000000,0x00000000e0000000,0x00000000ecf80000)
  from space 28672K, 20% used [0x00000000eeb80000,0x00000000ef138848,0x00000000f0780000)
  to   space 28672K, 0% used [0x00000000ecf80000,0x00000000ecf80000,0x00000000eeb80000)
 ParOldGen       total 94720K, used 62749K [0x00000000a0000000, 0x00000000a5c80000, 0x00000000e0000000)
  object space 94720K, 66% used [0x00000000a0000000,0x00000000a3d47548,0x00000000a5c80000)
 Metaspace       used 88880K, capacity 92594K, committed 95192K, reserved 1132544K
  class space    used 11099K, capacity 11871K, committed 12544K, reserved 1048576K
}
Event: 3844.381 GC heap before
{Heap before GC invocations=45 (full 4):
 PSYoungGen      total 241152K, used 218338K [0x00000000e0000000, 0x00000000f0880000, 0x0000000100000000)
  eden space 212480K, 100% used [0x00000000e0000000,0x00000000ecf80000,0x00000000ecf80000)
  from space 28672K, 20% used [0x00000000eeb80000,0x00000000ef138848,0x00000000f0780000)
  to   space 28672K, 0% used [0x00000000ecf80000,0x00000000ecf80000,0x00000000eeb80000)
 ParOldGen       total 94720K, used 62749K [0x00000000a0000000, 0x00000000a5c80000, 0x00000000e0000000)
  object space 94720K, 66% used [0x00000000a0000000,0x00000000a3d47548,0x00000000a5c80000)
 Metaspace       used 88916K, capacity 92658K, committed 95192K, reserved 1132544K
  class space    used 11099K, capacity 11871K, committed 12544K, reserved 1048576K
Event: 3844.388 GC heap after
Heap after GC invocations=45 (full 4):
 PSYoungGen      total 241152K, used 4179K [0x00000000e0000000, 0x00000000f0880000, 0x0000000100000000)
  eden space 212480K, 0% used [0x00000000e0000000,0x00000000e0000000,0x00000000ecf80000)
  from space 28672K, 14% used [0x00000000ecf80000,0x00000000ed394c98,0x00000000eeb80000)
  to   space 28672K, 0% used [0x00000000eeb80000,0x00000000eeb80000,0x00000000f0780000)
 ParOldGen       total 94720K, used 62837K [0x00000000a0000000, 0x00000000a5c80000, 0x00000000e0000000)
  object space 94720K, 66% used [0x00000000a0000000,0x00000000a3d5d548,0x00000000a5c80000)
 Metaspace       used 88916K, capacity 92658K, committed 95192K, reserved 1132544K
  class space    used 11099K, capacity 11871K, committed 12544K, reserved 1048576K
}
Event: 3845.180 GC heap before
{Heap before GC invocations=46 (full 4):
 PSYoungGen      total 241152K, used 216659K [0x00000000e0000000, 0x00000000f0880000, 0x0000000100000000)
  eden space 212480K, 100% used [0x00000000e0000000,0x00000000ecf80000,0x00000000ecf80000)
  from space 28672K, 14% used [0x00000000ecf80000,0x00000000ed394c98,0x00000000eeb80000)
  to   space 28672K, 0% used [0x00000000eeb80000,0x00000000eeb80000,0x00000000f0780000)
 ParOldGen       total 94720K, used 62837K [0x00000000a0000000, 0x00000000a5c80000, 0x00000000e0000000)
  object space 94720K, 66% used [0x00000000a0000000,0x00000000a3d5d548,0x00000000a5c80000)
 Metaspace       used 88953K, capacity 92666K, committed 95192K, reserved 1132544K
  class space    used 11099K, capacity 11871K, committed 12544K, reserved 1048576K
Event: 3845.183 GC heap after
Heap after GC invocations=46 (full 4):
 PSYoungGen      total 241152K, used 362K [0x00000000e0000000, 0x00000000f0880000, 0x0000000100000000)
  eden space 212480K, 0% used [0x00000000e0000000,0x00000000e0000000,0x00000000ecf80000)
  from space 28672K, 1% used [0x00000000eeb80000,0x00000000eebda9c0,0x00000000f0780000)
  to   space 28672K, 0% used [0x00000000ecf80000,0x00000000ecf80000,0x00000000eeb80000)
 ParOldGen       total 94720K, used 62861K [0x00000000a0000000, 0x00000000a5c80000, 0x00000000e0000000)
  object space 94720K, 66% used [0x00000000a0000000,0x00000000a3d63548,0x00000000a5c80000)
 Metaspace       used 88953K, capacity 92666K, committed 95192K, reserved 1132544K
  class space    used 11099K, capacity 11871K, committed 12544K, reserved 1048576K
}

