# JRE version: OpenJDK Runtime Environment (8.0_152-b02) (build 1.8.0_152-release-1024-b02)
# Java VM: OpenJDK 64-Bit Server VM (25.152-b02 mixed mode windows-amd64 compressed oops)
Heap:
 PSYoungGen      total 303616K, used 31304K [0x00000000e0000000, 0x00000000f4e00000, 0x0000000100000000)
  eden space 287232K, 10% used [0x00000000e0000000,0x00000000e1dacfd8,0x00000000f1880000)
  from space 16384K, 5% used [0x00000000f2880000,0x00000000f29653c0,0x00000000f3880000)
  to   space 16384K, 0% used [0x00000000f1880000,0x00000000f1880000,0x00000000f2880000)
 ParOldGen       total 99840K, used 42960K [0x00000000a0000000, 0x00000000a6180000, 0x00000000e0000000)
  object space 99840K, 43% used [0x00000000a0000000,0x00000000a29f4130,0x00000000a6180000)
 Metaspace       used 64071K, capacity 66704K, committed 66904K, reserved 1107968K
  class space    used 8571K, capacity 9081K, committed 9088K, reserved 1048576K
GC Heap History (10 events):
Event: 27.923 GC heap before
{Heap before GC invocations=27 (full 3):
 PSYoungGen      total 259072K, used 244818K [0x00000000e0000000, 0x00000000f3a80000, 0x0000000100000000)
  eden space 240128K, 100% used [0x00000000e0000000,0x00000000eea80000,0x00000000eea80000)
  from space 18944K, 24% used [0x00000000eea80000,0x00000000eef14bb8,0x00000000efd00000)
  to   space 18432K, 0% used [0x00000000f2880000,0x00000000f2880000,0x00000000f3a80000)
 ParOldGen       total 99840K, used 42928K [0x00000000a0000000, 0x00000000a6180000, 0x00000000e0000000)
  object space 99840K, 42% used [0x00000000a0000000,0x00000000a29ec130,0x00000000a6180000)
 Metaspace       used 63809K, capacity 66402K, committed 66648K, reserved 1107968K
  class space    used 8561K, capacity 9074K, committed 9088K, reserved 1048576K
Event: 27.938 GC heap after
Heap after GC invocations=27 (full 3):
 PSYoungGen      total 299520K, used 3178K [0x00000000e0000000, 0x00000000f3880000, 0x0000000100000000)
  eden space 283136K, 0% used [0x00000000e0000000,0x00000000e0000000,0x00000000f1480000)
  from space 16384K, 19% used [0x00000000f2880000,0x00000000f2b9a860,0x00000000f3880000)
  to   space 18432K, 0% used [0x00000000f1480000,0x00000000f1480000,0x00000000f2680000)
 ParOldGen       total 99840K, used 42936K [0x00000000a0000000, 0x00000000a6180000, 0x00000000e0000000)
  object space 99840K, 43% used [0x00000000a0000000,0x00000000a29ee130,0x00000000a6180000)
 Metaspace       used 63809K, capacity 66402K, committed 66648K, reserved 1107968K
  class space    used 8561K, capacity 9074K, committed 9088K, reserved 1048576K
}
Event: 29.263 GC heap before
{Heap before GC invocations=28 (full 3):
 PSYoungGen      total 299520K, used 286314K [0x00000000e0000000, 0x00000000f3880000, 0x0000000100000000)
  eden space 283136K, 100% used [0x00000000e0000000,0x00000000f1480000,0x00000000f1480000)
  from space 16384K, 19% used [0x00000000f2880000,0x00000000f2b9a860,0x00000000f3880000)
  to   space 18432K, 0% used [0x00000000f1480000,0x00000000f1480000,0x00000000f2680000)
 ParOldGen       total 99840K, used 42936K [0x00000000a0000000, 0x00000000a6180000, 0x00000000e0000000)
  object space 99840K, 43% used [0x00000000a0000000,0x00000000a29ee130,0x00000000a6180000)
 Metaspace       used 63847K, capacity 66410K, committed 66648K, reserved 1107968K
  class space    used 8561K, capacity 9074K, committed 9088K, reserved 1048576K
Event: 29.273 GC heap after
Heap after GC invocations=28 (full 3):
 PSYoungGen      total 301568K, used 3915K [0x00000000e0000000, 0x00000000f3880000, 0x0000000100000000)
  eden space 283136K, 0% used [0x00000000e0000000,0x00000000e0000000,0x00000000f1480000)
  from space 18432K, 21% used [0x00000000f1480000,0x00000000f1852ca0,0x00000000f2680000)
  to   space 16384K, 0% used [0x00000000f2880000,0x00000000f2880000,0x00000000f3880000)
 ParOldGen       total 99840K, used 42944K [0x00000000a0000000, 0x00000000a6180000, 0x00000000e0000000)
  object space 99840K, 43% used [0x00000000a0000000,0x00000000a29f0130,0x00000000a6180000)
 Metaspace       used 63847K, capacity 66410K, committed 66648K, reserved 1107968K
  class space    used 8561K, capacity 9074K, committed 9088K, reserved 1048576K
}
Event: 30.447 GC heap before
{Heap before GC invocations=29 (full 3):
 PSYoungGen      total 301568K, used 287051K [0x00000000e0000000, 0x00000000f3880000, 0x0000000100000000)
  eden space 283136K, 100% used [0x00000000e0000000,0x00000000f1480000,0x00000000f1480000)
  from space 18432K, 21% used [0x00000000f1480000,0x00000000f1852ca0,0x00000000f2680000)
  to   space 16384K, 0% used [0x00000000f2880000,0x00000000f2880000,0x00000000f3880000)
 ParOldGen       total 99840K, used 42944K [0x00000000a0000000, 0x00000000a6180000, 0x00000000e0000000)
  object space 99840K, 43% used [0x00000000a0000000,0x00000000a29f0130,0x00000000a6180000)
 Metaspace       used 63877K, capacity 66474K, committed 66648K, reserved 1107968K
  class space    used 8561K, capacity 9074K, committed 9088K, reserved 1048576K
Event: 30.459 GC heap after
Heap after GC invocations=29 (full 3):
 PSYoungGen      total 299520K, used 6812K [0x00000000e0000000, 0x00000000f3880000, 0x0000000100000000)
  eden space 283136K, 0% used [0x00000000e0000000,0x00000000e0000000,0x00000000f1480000)
  from space 16384K, 41% used [0x00000000f2880000,0x00000000f2f27340,0x00000000f3880000)
  to   space 18432K, 0% used [0x00000000f1480000,0x00000000f1480000,0x00000000f2680000)
 ParOldGen       total 99840K, used 42952K [0x00000000a0000000, 0x00000000a6180000, 0x00000000e0000000)
  object space 99840K, 43% used [0x00000000a0000000,0x00000000a29f2130,0x00000000a6180000)
 Metaspace       used 63877K, capacity 66474K, committed 66648K, reserved 1107968K
  class space    used 8561K, capacity 9074K, committed 9088K, reserved 1048576K
}
Event: 31.692 GC heap before
{Heap before GC invocations=30 (full 3):
 PSYoungGen      total 299520K, used 289948K [0x00000000e0000000, 0x00000000f3880000, 0x0000000100000000)
  eden space 283136K, 100% used [0x00000000e0000000,0x00000000f1480000,0x00000000f1480000)
  from space 16384K, 41% used [0x00000000f2880000,0x00000000f2f27340,0x00000000f3880000)
  to   space 18432K, 0% used [0x00000000f1480000,0x00000000f1480000,0x00000000f2680000)
 ParOldGen       total 99840K, used 42952K [0x00000000a0000000, 0x00000000a6180000, 0x00000000e0000000)
  object space 99840K, 43% used [0x00000000a0000000,0x00000000a29f2130,0x00000000a6180000)
 Metaspace       used 63911K, capacity 66552K, committed 66648K, reserved 1107968K
  class space    used 8563K, capacity 9077K, committed 9088K, reserved 1048576K
Event: 31.700 GC heap after
Heap after GC invocations=30 (full 3):
 PSYoungGen      total 301568K, used 3413K [0x00000000e0000000, 0x00000000f3880000, 0x0000000100000000)
  eden space 283136K, 0% used [0x00000000e0000000,0x00000000e0000000,0x00000000f1480000)
  from space 18432K, 18% used [0x00000000f1480000,0x00000000f17d5480,0x00000000f2680000)
  to   space 16384K, 0% used [0x00000000f2880000,0x00000000f2880000,0x00000000f3880000)
 ParOldGen       total 99840K, used 42952K [0x00000000a0000000, 0x00000000a6180000, 0x00000000e0000000)
  object space 99840K, 43% used [0x00000000a0000000,0x00000000a29f2130,0x00000000a6180000)
 Metaspace       used 63911K, capacity 66552K, committed 66648K, reserved 1107968K
  class space    used 8563K, capacity 9077K, committed 9088K, reserved 1048576K
}
Event: 33.732 GC heap before
{Heap before GC invocations=31 (full 3):
 PSYoungGen      total 301568K, used 286401K [0x00000000e0000000, 0x00000000f3880000, 0x0000000100000000)
  eden space 283136K, 99% used [0x00000000e0000000,0x00000000f145b0e0,0x00000000f1480000)
  from space 18432K, 18% used [0x00000000f1480000,0x00000000f17d5480,0x00000000f2680000)
  to   space 16384K, 0% used [0x00000000f2880000,0x00000000f2880000,0x00000000f3880000)
 ParOldGen       total 99840K, used 42952K [0x00000000a0000000, 0x00000000a6180000, 0x00000000e0000000)
  object space 99840K, 43% used [0x00000000a0000000,0x00000000a29f2130,0x00000000a6180000)
 Metaspace       used 64052K, capacity 66704K, committed 66904K, reserved 1107968K
  class space    used 8571K, capacity 9081K, committed 9088K, reserved 1048576K
Event: 33.738 GC heap after
Heap after GC invocations=31 (full 3):
 PSYoungGen      total 303616K, used 916K [0x00000000e0000000, 0x00000000f4e00000, 0x0000000100000000)
  eden space 287232K, 0% used [0x00000000e0000000,0x00000000e0000000,0x00000000f1880000)
  from space 16384K, 5% used [0x00000000f2880000,0x00000000f29653c0,0x00000000f3880000)
  to   space 16384K, 0% used [0x00000000f1880000,0x00000000f1880000,0x00000000f2880000)
 ParOldGen       total 99840K, used 42960K [0x00000000a0000000, 0x00000000a6180000, 0x00000000e0000000)
  object space 99840K, 43% used [0x00000000a0000000,0x00000000a29f4130,0x00000000a6180000)
 Metaspace       used 64052K, capacity 66704K, committed 66904K, reserved 1107968K
  class space    used 8571K, capacity 9081K, committed 9088K, reserved 1048576K
}

